<?xml version="1.0" encoding="UTF-8"?>
<coverage generated="1741818293180" clover="3.2.0">
  <project timestamp="1741818293180" name="All files">
    <metrics statements="191" coveredstatements="165" conditionals="97" coveredconditionals="52" methods="54" coveredmethods="38" elements="342" coveredelements="255" complexity="0" loc="191" ncloc="191" packages="4" files="6" classes="6"/>
    <package name="[lng].insights.survey">
      <metrics statements="82" coveredstatements="79" conditionals="26" coveredconditionals="22" methods="20" coveredmethods="18"/>
      <file name="page.tsx" path="/home/genna/yc/the-grid-2/src/app/[lng]/insights/survey/page.tsx">
        <metrics statements="82" coveredstatements="79" conditionals="26" coveredconditionals="22" methods="20" coveredmethods="18"/>
        <line num="3" count="1" type="stmt"/>
        <line num="4" count="1" type="stmt"/>
        <line num="5" count="1" type="stmt"/>
        <line num="6" count="1" type="stmt"/>
        <line num="7" count="1" type="stmt"/>
        <line num="8" count="1" type="stmt"/>
        <line num="9" count="1" type="stmt"/>
        <line num="10" count="1" type="stmt"/>
        <line num="11" count="1" type="stmt"/>
        <line num="12" count="1" type="stmt"/>
        <line num="13" count="1" type="stmt"/>
        <line num="14" count="1" type="stmt"/>
        <line num="15" count="1" type="stmt"/>
        <line num="26" count="1" type="stmt"/>
        <line num="27" count="1" type="stmt"/>
        <line num="28" count="1" type="stmt"/>
        <line num="29" count="1" type="stmt"/>
        <line num="30" count="1" type="stmt"/>
        <line num="31" count="1" type="stmt"/>
        <line num="32" count="1" type="stmt"/>
        <line num="51" count="1" type="stmt"/>
        <line num="61" count="1" type="stmt"/>
        <line num="69" count="1" type="stmt"/>
        <line num="99" count="1" type="stmt"/>
        <line num="101" count="1" type="stmt"/>
        <line num="109" count="47" type="stmt"/>
        <line num="110" count="46" type="stmt"/>
        <line num="111" count="46" type="stmt"/>
        <line num="112" count="46" type="stmt"/>
        <line num="113" count="46" type="stmt"/>
        <line num="114" count="46" type="stmt"/>
        <line num="115" count="46" type="stmt"/>
        <line num="116" count="46" type="stmt"/>
        <line num="118" count="46" type="stmt"/>
        <line num="136" count="46" type="stmt"/>
        <line num="137" count="46" type="stmt"/>
        <line num="138" count="46" type="stmt"/>
        <line num="140" count="46" type="stmt"/>
        <line num="147" count="46" type="stmt"/>
        <line num="148" count="46" type="stmt"/>
        <line num="150" count="46" type="stmt"/>
        <line num="152" count="46" type="stmt"/>
        <line num="153" count="10" type="stmt"/>
        <line num="156" count="46" type="stmt"/>
        <line num="157" count="10" type="stmt"/>
        <line num="158" count="10" type="stmt"/>
        <line num="159" count="10" type="stmt"/>
        <line num="160" count="10" type="stmt"/>
        <line num="162" count="10" type="cond" truecount="1" falsecount="0"/>
        <line num="163" count="10" type="stmt"/>
        <line num="165" count="20" type="stmt"/>
        <line num="176" count="10" type="stmt"/>
        <line num="179" count="0" type="stmt"/>
        <line num="181" count="10" type="stmt"/>
        <line num="184" count="10" type="stmt"/>
        <line num="188" count="46" type="stmt"/>
        <line num="189" count="21" type="cond" truecount="1" falsecount="0"/>
        <line num="191" count="11" type="stmt"/>
        <line num="192" count="22" type="stmt"/>
        <line num="193" count="40" type="cond" truecount="2" falsecount="0"/>
        <line num="197" count="11" type="stmt"/>
        <line num="198" count="11" type="stmt"/>
        <line num="199" count="11" type="cond" truecount="2" falsecount="0"/>
        <line num="203" count="46" type="stmt"/>
        <line num="204" count="22" type="cond" truecount="3" falsecount="0"/>
        <line num="205" count="6" type="stmt"/>
        <line num="206" count="3" type="stmt"/>
        <line num="209" count="46" type="stmt"/>
        <line num="210" count="22" type="stmt"/>
        <line num="211" count="22" type="cond" truecount="3" falsecount="0"/>
        <line num="212" count="3" type="stmt"/>
        <line num="213" count="6" type="stmt"/>
        <line num="215" count="3" type="stmt"/>
        <line num="219" count="22" type="stmt"/>
        <line num="266" count="2" type="stmt"/>
        <line num="308" count="1" type="stmt"/>
        <line num="311" count="12" type="stmt"/>
        <line num="395" count="0" type="stmt"/>
        <line num="413" count="0" type="stmt"/>
        <line num="415" count="1" type="stmt"/>
        <line num="416" count="1" type="stmt"/>
        <line num="440" count="10" type="stmt"/>
      </file>
    </package>
    <package name="[lng].insights.survey.components">
      <metrics statements="10" coveredstatements="10" conditionals="3" coveredconditionals="3" methods="1" coveredmethods="1"/>
      <file name="Demographics.tsx" path="/home/genna/yc/the-grid-2/src/app/[lng]/insights/survey/components/Demographics.tsx">
        <metrics statements="10" coveredstatements="10" conditionals="3" coveredconditionals="3" methods="1" coveredmethods="1"/>
        <line num="3" count="1" type="stmt"/>
        <line num="4" count="1" type="stmt"/>
        <line num="5" count="1" type="stmt"/>
        <line num="6" count="1" type="stmt"/>
        <line num="7" count="1" type="stmt"/>
        <line num="27" count="1" type="stmt"/>
        <line num="33" count="46" type="stmt"/>
        <line num="34" count="46" type="stmt"/>
        <line num="35" count="46" type="stmt"/>
        <line num="103" count="46" type="stmt"/>
      </file>
    </package>
    <package name="components">
      <metrics statements="82" coveredstatements="63" conditionals="66" coveredconditionals="27" methods="27" coveredmethods="17"/>
      <file name="Accordion.tsx" path="/home/genna/yc/the-grid-2/src/app/components/Accordion.tsx">
        <metrics statements="18" coveredstatements="13" conditionals="13" coveredconditionals="6" methods="7" coveredmethods="2"/>
        <line num="1" count="1" type="stmt"/>
        <line num="2" count="1" type="stmt"/>
        <line num="3" count="1" type="stmt"/>
        <line num="4" count="1" type="stmt"/>
        <line num="5" count="1" type="stmt"/>
        <line num="15" count="1" type="stmt"/>
        <line num="23" count="0" type="cond" truecount="0" falsecount="2"/>
        <line num="31" count="1" type="stmt"/>
        <line num="43" count="50" type="cond" truecount="1" falsecount="1"/>
        <line num="46" count="1" type="stmt"/>
        <line num="53" count="50" type="stmt"/>
        <line num="54" count="50" type="stmt"/>
        <line num="56" count="50" type="stmt"/>
        <line num="57" count="0" type="cond" truecount="0" falsecount="2"/>
        <line num="63" count="0" type="stmt"/>
        <line num="99" count="0" type="stmt"/>
        <line num="100" count="0" type="stmt"/>
        <line num="110" count="50" type="stmt"/>
      </file>
      <file name="CrosslinkCards.tsx" path="/home/genna/yc/the-grid-2/src/app/components/CrosslinkCards.tsx">
        <metrics statements="18" coveredstatements="12" conditionals="10" coveredconditionals="0" methods="4" coveredmethods="0"/>
        <line num="1" count="1" type="stmt"/>
        <line num="2" count="1" type="stmt"/>
        <line num="3" count="1" type="stmt"/>
        <line num="4" count="1" type="stmt"/>
        <line num="5" count="1" type="stmt"/>
        <line num="6" count="1" type="stmt"/>
        <line num="7" count="1" type="stmt"/>
        <line num="8" count="1" type="stmt"/>
        <line num="22" count="1" type="stmt"/>
        <line num="26" count="1" type="stmt"/>
        <line num="30" count="0" type="cond" truecount="0" falsecount="2"/>
        <line num="39" count="0" type="cond" truecount="0" falsecount="2"/>
        <line num="52" count="1" type="stmt"/>
        <line num="53" count="0" type="stmt"/>
        <line num="54" count="0" type="stmt"/>
        <line num="56" count="0" type="stmt"/>
        <line num="71" count="0" type="stmt"/>
        <line num="114" count="1" type="stmt"/>
      </file>
      <file name="Drawer.tsx" path="/home/genna/yc/the-grid-2/src/app/components/Drawer.tsx">
        <metrics statements="46" coveredstatements="38" conditionals="43" coveredconditionals="21" methods="16" coveredmethods="15"/>
        <line num="1" count="1" type="stmt"/>
        <line num="2" count="1" type="stmt"/>
        <line num="3" count="1" type="stmt"/>
        <line num="4" count="1" type="stmt"/>
        <line num="5" count="1" type="stmt"/>
        <line num="6" count="1" type="stmt"/>
        <line num="21" count="1" type="stmt"/>
        <line num="27" count="46" type="cond" truecount="1" falsecount="1"/>
        <line num="31" count="46" type="stmt"/>
        <line num="45" count="46" type="cond" truecount="1" falsecount="1"/>
        <line num="51" count="1" type="stmt"/>
        <line num="52" count="46" type="cond" truecount="1" falsecount="1"/>
        <line num="61" count="46" type="cond" truecount="1" falsecount="1"/>
        <line num="64" count="1" type="stmt"/>
        <line num="69" count="46" type="cond" truecount="1" falsecount="1"/>
        <line num="74" count="46" type="stmt"/>
        <line num="90" count="1" type="stmt"/>
        <line num="102" count="46" type="stmt"/>
        <line num="103" count="46" type="stmt"/>
        <line num="104" count="46" type="stmt"/>
        <line num="105" count="46" type="stmt"/>
        <line num="106" count="46" type="stmt"/>
        <line num="114" count="46" type="stmt"/>
        <line num="115" count="10" type="cond" truecount="1" falsecount="2"/>
        <line num="116" count="0" type="stmt"/>
        <line num="121" count="46" type="stmt"/>
        <line num="122" count="10" type="cond" truecount="0" falsecount="1"/>
        <line num="123" count="10" type="stmt"/>
        <line num="124" count="10" type="cond" truecount="1" falsecount="0"/>
        <line num="125" count="10" type="stmt"/>
        <line num="129" count="10" type="stmt"/>
        <line num="131" count="10" type="stmt"/>
        <line num="134" count="46" type="stmt"/>
        <line num="135" count="10" type="stmt"/>
        <line num="136" count="0" type="cond" truecount="0" falsecount="1"/>
        <line num="137" count="0" type="cond" truecount="0" falsecount="1"/>
        <line num="144" count="0" type="stmt"/>
        <line num="148" count="10" type="cond" truecount="0" falsecount="1"/>
        <line num="149" count="0" type="stmt"/>
        <line num="151" count="0" type="cond" truecount="0" falsecount="1"/>
        <line num="152" count="0" type="stmt"/>
        <line num="153" count="0" type="stmt"/>
        <line num="156" count="10" type="stmt"/>
        <line num="157" count="10" type="stmt"/>
        <line num="181" count="46" type="cond" truecount="1" falsecount="1"/>
        <line num="201" count="46" type="stmt"/>
      </file>
    </package>
    <package name="components.dataviz">
      <metrics statements="17" coveredstatements="13" conditionals="2" coveredconditionals="0" methods="6" coveredmethods="2"/>
      <file name="Customize.tsx" path="/home/genna/yc/the-grid-2/src/app/components/dataviz/Customize.tsx">
        <metrics statements="17" coveredstatements="13" conditionals="2" coveredconditionals="0" methods="6" coveredmethods="2"/>
        <line num="1" count="1" type="stmt"/>
        <line num="2" count="1" type="stmt"/>
        <line num="3" count="1" type="stmt"/>
        <line num="4" count="1" type="stmt"/>
        <line num="5" count="1" type="stmt"/>
        <line num="6" count="1" type="stmt"/>
        <line num="14" count="1" type="stmt"/>
        <line num="26" count="1" type="stmt"/>
        <line num="31" count="50" type="stmt"/>
        <line num="32" count="50" type="stmt"/>
        <line num="34" count="50" type="stmt"/>
        <line num="35" count="0" type="stmt"/>
        <line num="36" count="0" type="cond" truecount="0" falsecount="2"/>
        <line num="37" count="0" type="stmt"/>
        <line num="45" count="8" type="stmt"/>
        <line num="50" count="0" type="stmt"/>
        <line num="57" count="50" type="stmt"/>
      </file>
    </package>
  </project>
</coverage>
