{"/home/genna/yc/the-grid-2/src/app/[lng]/insights/survey/page.tsx": {"path":"/home/genna/yc/the-grid-2/src/app/[lng]/insights/survey/page.tsx","statementMap":{"0":{"start":{"line":440,"column":0},"end":{"line":440,"column":15}},"1":{"start":{"line":3,"column":21},"end":{"line":3,"column":null}},"2":{"start":{"line":4,"column":25},"end":{"line":4,"column":null}},"3":{"start":{"line":5,"column":31},"end":{"line":5,"column":null}},"4":{"start":{"line":6,"column":22},"end":{"line":6,"column":null}},"5":{"start":{"line":7,"column":27},"end":{"line":7,"column":null}},"6":{"start":{"line":8,"column":19},"end":{"line":8,"column":null}},"7":{"start":{"line":9,"column":21},"end":{"line":9,"column":null}},"8":{"start":{"line":10,"column":20},"end":{"line":10,"column":null}},"9":{"start":{"line":11,"column":27},"end":{"line":11,"column":null}},"10":{"start":{"line":12,"column":30},"end":{"line":12,"column":null}},"11":{"start":{"line":13,"column":28},"end":{"line":13,"column":null}},"12":{"start":{"line":14,"column":29},"end":{"line":14,"column":null}},"13":{"start":{"line":15,"column":22},"end":{"line":15,"column":null}},"14":{"start":{"line":26,"column":7},"end":{"line":26,"column":null}},"15":{"start":{"line":27,"column":20},"end":{"line":27,"column":null}},"16":{"start":{"line":28,"column":14},"end":{"line":28,"column":null}},"17":{"start":{"line":29,"column":26},"end":{"line":29,"column":null}},"18":{"start":{"line":30,"column":55},"end":{"line":30,"column":null}},"19":{"start":{"line":31,"column":22},"end":{"line":31,"column":null}},"20":{"start":{"line":32,"column":19},"end":{"line":32,"column":null}},"21":{"start":{"line":51,"column":21},"end":{"line":59,"column":1}},"22":{"start":{"line":61,"column":27},"end":{"line":67,"column":1}},"23":{"start":{"line":69,"column":56},"end":{"line":96,"column":null}},"24":{"start":{"line":99,"column":2},"end":{"line":99,"column":null}},"25":{"start":{"line":101,"column":25},"end":{"line":438,"column":null}},"26":{"start":{"line":109,"column":6},"end":{"line":109,"column":null}},"27":{"start":{"line":110,"column":18},"end":{"line":110,"column":null}},"28":{"start":{"line":111,"column":16},"end":{"line":111,"column":null}},"29":{"start":{"line":112,"column":23},"end":{"line":112,"column":null}},"30":{"start":{"line":113,"column":32},"end":{"line":113,"column":null}},"31":{"start":{"line":114,"column":20},"end":{"line":114,"column":null}},"32":{"start":{"line":115,"column":46},"end":{"line":115,"column":null}},"33":{"start":{"line":116,"column":42},"end":{"line":116,"column":null}},"34":{"start":{"line":118,"column":42},"end":{"line":135,"column":null}},"35":{"start":{"line":136,"column":36},"end":{"line":136,"column":null}},"36":{"start":{"line":137,"column":40},"end":{"line":137,"column":null}},"37":{"start":{"line":138,"column":16},"end":{"line":138,"column":null}},"38":{"start":{"line":140,"column":19},"end":{"line":145,"column":null}},"39":{"start":{"line":147,"column":21},"end":{"line":147,"column":null}},"40":{"start":{"line":148,"column":15},"end":{"line":148,"column":null}},"41":{"start":{"line":150,"column":27},"end":{"line":150,"column":null}},"42":{"start":{"line":152,"column":2},"end":{"line":154,"column":null}},"43":{"start":{"line":153,"column":4},"end":{"line":153,"column":null}},"44":{"start":{"line":156,"column":2},"end":{"line":185,"column":null}},"45":{"start":{"line":157,"column":21},"end":{"line":182,"column":null}},"46":{"start":{"line":158,"column":6},"end":{"line":158,"column":null}},"47":{"start":{"line":159,"column":6},"end":{"line":180,"column":null}},"48":{"start":{"line":160,"column":24},"end":{"line":160,"column":59}},"49":{"start":{"line":162,"column":8},"end":{"line":177,"column":null}},"50":{"start":{"line":163,"column":29},"end":{"line":163,"column":51}},"51":{"start":{"line":165,"column":27},"end":{"line":174,"column":null}},"52":{"start":{"line":165,"column":50},"end":{"line":174,"column":null}},"53":{"start":{"line":176,"column":10},"end":{"line":176,"column":null}},"54":{"start":{"line":179,"column":8},"end":{"line":179,"column":null}},"55":{"start":{"line":181,"column":6},"end":{"line":181,"column":null}},"56":{"start":{"line":184,"column":4},"end":{"line":184,"column":null}},"57":{"start":{"line":188,"column":2},"end":{"line":200,"column":null}},"58":{"start":{"line":189,"column":4},"end":{"line":189,"column":null}},"59":{"start":{"line":189,"column":15},"end":{"line":189,"column":null}},"60":{"start":{"line":191,"column":25},"end":{"line":193,"column":null}},"61":{"start":{"line":192,"column":6},"end":{"line":193,"column":null}},"62":{"start":{"line":193,"column":19},"end":{"line":193,"column":77}},"63":{"start":{"line":197,"column":28},"end":{"line":197,"column":null}},"64":{"start":{"line":197,"column":59},"end":{"line":197,"column":72}},"65":{"start":{"line":198,"column":4},"end":{"line":198,"column":null}},"66":{"start":{"line":199,"column":4},"end":{"line":199,"column":null}},"67":{"start":{"line":203,"column":2},"end":{"line":207,"column":null}},"68":{"start":{"line":204,"column":4},"end":{"line":204,"column":null}},"69":{"start":{"line":204,"column":35},"end":{"line":204,"column":null}},"70":{"start":{"line":205,"column":25},"end":{"line":205,"column":null}},"71":{"start":{"line":205,"column":44},"end":{"line":205,"column":null}},"72":{"start":{"line":206,"column":4},"end":{"line":206,"column":null}},"73":{"start":{"line":209,"column":2},"end":{"line":220,"column":null}},"74":{"start":{"line":210,"column":33},"end":{"line":217,"column":null}},"75":{"start":{"line":211,"column":6},"end":{"line":216,"column":null}},"76":{"start":{"line":212,"column":29},"end":{"line":213,"column":null}},"77":{"start":{"line":213,"column":17},"end":{"line":213,"column":null}},"78":{"start":{"line":215,"column":8},"end":{"line":215,"column":null}},"79":{"start":{"line":219,"column":4},"end":{"line":219,"column":null}},"80":{"start":{"line":266,"column":37},"end":{"line":266,"column":null}},"81":{"start":{"line":308,"column":33},"end":{"line":308,"column":null}},"82":{"start":{"line":311,"column":18},"end":{"line":311,"column":null}},"83":{"start":{"line":395,"column":51},"end":{"line":395,"column":null}},"84":{"start":{"line":413,"column":22},"end":{"line":413,"column":null}},"85":{"start":{"line":415,"column":10},"end":{"line":415,"column":null}},"86":{"start":{"line":416,"column":10},"end":{"line":416,"column":null}},"87":{"start":{"line":440,"column":15},"end":{"line":440,"column":null}}},"fnMap":{"0":{"name":"(anonymous_5)","decl":{"start":{"line":101,"column":25},"end":{"line":101,"column":null}},"loc":{"start":{"line":101,"column":25},"end":{"line":438,"column":null}}},"1":{"name":"(anonymous_6)","decl":{"start":{"line":152,"column":12},"end":{"line":152,"column":null}},"loc":{"start":{"line":152,"column":12},"end":{"line":154,"column":5}}},"2":{"name":"(anonymous_7)","decl":{"start":{"line":156,"column":12},"end":{"line":156,"column":null}},"loc":{"start":{"line":156,"column":12},"end":{"line":185,"column":5}}},"3":{"name":"(anonymous_8)","decl":{"start":{"line":157,"column":21},"end":{"line":157,"column":null}},"loc":{"start":{"line":157,"column":21},"end":{"line":182,"column":null}}},"4":{"name":"(anonymous_9)","decl":{"start":{"line":165,"column":42},"end":{"line":165,"column":43}},"loc":{"start":{"line":165,"column":50},"end":{"line":174,"column":null}}},"5":{"name":"(anonymous_10)","decl":{"start":{"line":188,"column":12},"end":{"line":188,"column":null}},"loc":{"start":{"line":188,"column":12},"end":{"line":200,"column":5}}},"6":{"name":"(anonymous_11)","decl":{"start":{"line":191,"column":37},"end":{"line":191,"column":38}},"loc":{"start":{"line":192,"column":6},"end":{"line":193,"column":null}}},"7":{"name":"(anonymous_12)","decl":{"start":{"line":193,"column":8},"end":{"line":193,"column":9}},"loc":{"start":{"line":193,"column":19},"end":{"line":193,"column":77}}},"8":{"name":"(anonymous_13)","decl":{"start":{"line":197,"column":52},"end":{"line":197,"column":53}},"loc":{"start":{"line":197,"column":59},"end":{"line":197,"column":72}}},"9":{"name":"(anonymous_14)","decl":{"start":{"line":203,"column":12},"end":{"line":203,"column":null}},"loc":{"start":{"line":203,"column":12},"end":{"line":207,"column":5}}},"10":{"name":"(anonymous_15)","decl":{"start":{"line":205,"column":37},"end":{"line":205,"column":38}},"loc":{"start":{"line":205,"column":44},"end":{"line":205,"column":null}}},"11":{"name":"(anonymous_16)","decl":{"start":{"line":209,"column":12},"end":{"line":209,"column":null}},"loc":{"start":{"line":209,"column":12},"end":{"line":220,"column":5}}},"12":{"name":"(anonymous_17)","decl":{"start":{"line":210,"column":33},"end":{"line":210,"column":null}},"loc":{"start":{"line":210,"column":33},"end":{"line":217,"column":null}}},"13":{"name":"(anonymous_18)","decl":{"start":{"line":213,"column":10},"end":{"line":213,"column":11}},"loc":{"start":{"line":213,"column":17},"end":{"line":213,"column":null}}},"14":{"name":"(anonymous_19)","decl":{"start":{"line":266,"column":26},"end":{"line":266,"column":27}},"loc":{"start":{"line":266,"column":37},"end":{"line":266,"column":null}}},"15":{"name":"(anonymous_20)","decl":{"start":{"line":308,"column":26},"end":{"line":308,"column":27}},"loc":{"start":{"line":308,"column":33},"end":{"line":308,"column":null}}},"16":{"name":"(anonymous_21)","decl":{"start":{"line":310,"column":31},"end":{"line":310,"column":32}},"loc":{"start":{"line":311,"column":18},"end":{"line":311,"column":null}}},"17":{"name":"(anonymous_22)","decl":{"start":{"line":395,"column":45},"end":{"line":395,"column":51}},"loc":{"start":{"line":395,"column":51},"end":{"line":395,"column":null}}},"18":{"name":"(anonymous_23)","decl":{"start":{"line":413,"column":16},"end":{"line":413,"column":22}},"loc":{"start":{"line":413,"column":22},"end":{"line":413,"column":null}}},"19":{"name":"(anonymous_24)","decl":{"start":{"line":414,"column":17},"end":{"line":414,"column":null}},"loc":{"start":{"line":414,"column":17},"end":{"line":417,"column":null}}}},"branchMap":{"0":{"loc":{"start":{"line":162,"column":8},"end":{"line":177,"column":null}},"type":"if","locations":[{"start":{"line":162,"column":8},"end":{"line":177,"column":null}}]},"1":{"loc":{"start":{"line":170,"column":14},"end":{"line":172,"column":null}},"type":"cond-expr","locations":[{"start":{"line":171,"column":18},"end":{"line":171,"column":null}},{"start":{"line":172,"column":18},"end":{"line":172,"column":null}}]},"2":{"loc":{"start":{"line":173,"column":23},"end":{"line":173,"column":null}},"type":"binary-expr","locations":[{"start":{"line":173,"column":23},"end":{"line":173,"column":34}},{"start":{"line":173,"column":38},"end":{"line":173,"column":null}}]},"3":{"loc":{"start":{"line":189,"column":4},"end":{"line":189,"column":null}},"type":"if","locations":[{"start":{"line":189,"column":4},"end":{"line":189,"column":null}}]},"4":{"loc":{"start":{"line":193,"column":19},"end":{"line":193,"column":77}},"type":"binary-expr","locations":[{"start":{"line":193,"column":19},"end":{"line":193,"column":47}},{"start":{"line":193,"column":51},"end":{"line":193,"column":77}}]},"5":{"loc":{"start":{"line":199,"column":23},"end":{"line":199,"column":null}},"type":"binary-expr","locations":[{"start":{"line":199,"column":23},"end":{"line":199,"column":42}},{"start":{"line":199,"column":57},"end":{"line":199,"column":null}}]},"6":{"loc":{"start":{"line":204,"column":4},"end":{"line":204,"column":null}},"type":"if","locations":[{"start":{"line":204,"column":4},"end":{"line":204,"column":null}}]},"7":{"loc":{"start":{"line":204,"column":8},"end":{"line":204,"column":35}},"type":"binary-expr","locations":[{"start":{"line":204,"column":8},"end":{"line":204,"column":17}},{"start":{"line":204,"column":17},"end":{"line":204,"column":35}}]},"8":{"loc":{"start":{"line":211,"column":6},"end":{"line":216,"column":null}},"type":"if","locations":[{"start":{"line":211,"column":6},"end":{"line":216,"column":null}}]},"9":{"loc":{"start":{"line":211,"column":10},"end":{"line":211,"column":35}},"type":"binary-expr","locations":[{"start":{"line":211,"column":10},"end":{"line":211,"column":18}},{"start":{"line":211,"column":18},"end":{"line":211,"column":35}}]},"10":{"loc":{"start":{"line":260,"column":12},"end":{"line":360,"column":13}},"type":"cond-expr","locations":[{"start":{"line":260,"column":12},"end":{"line":360,"column":13}}]},"11":{"loc":{"start":{"line":263,"column":27},"end":{"line":263,"column":null}},"type":"cond-expr","locations":[{"start":{"line":263,"column":38},"end":{"line":263,"column":49}},{"start":{"line":263,"column":49},"end":{"line":263,"column":null}}]},"12":{"loc":{"start":{"line":273,"column":30},"end":{"line":273,"column":null}},"type":"cond-expr","locations":[{"start":{"line":273,"column":41},"end":{"line":273,"column":50}},{"start":{"line":273,"column":50},"end":{"line":273,"column":null}}]},"13":{"loc":{"start":{"line":329,"column":15},"end":{"line":329,"column":null}},"type":"binary-expr","locations":[{"start":{"line":329,"column":15},"end":{"line":329,"column":null}}]},"14":{"loc":{"start":{"line":346,"column":22},"end":{"line":346,"column":39}},"type":"binary-expr","locations":[{"start":{"line":346,"column":22},"end":{"line":346,"column":37}},{"start":{"line":346,"column":37},"end":{"line":346,"column":39}}]},"15":{"loc":{"start":{"line":385,"column":9},"end":{"line":385,"column":30}},"type":"binary-expr","locations":[{"start":{"line":385,"column":9},"end":{"line":385,"column":30}}]},"16":{"loc":{"start":{"line":426,"column":7},"end":{"line":426,"column":28}},"type":"binary-expr","locations":[{"start":{"line":426,"column":7},"end":{"line":426,"column":28}}]}},"s":{"0":10,"1":1,"2":1,"3":1,"4":1,"5":1,"6":1,"7":1,"8":1,"9":1,"10":1,"11":1,"12":1,"13":1,"14":1,"15":1,"16":1,"17":1,"18":1,"19":1,"20":1,"21":1,"22":1,"23":1,"24":1,"25":1,"26":47,"27":46,"28":46,"29":46,"30":46,"31":46,"32":46,"33":46,"34":46,"35":46,"36":46,"37":46,"38":46,"39":46,"40":46,"41":46,"42":46,"43":10,"44":46,"45":10,"46":10,"47":10,"48":10,"49":10,"50":10,"51":10,"52":20,"53":10,"54":0,"55":10,"56":10,"57":46,"58":21,"59":10,"60":11,"61":22,"62":40,"63":11,"64":4,"65":11,"66":11,"67":46,"68":22,"69":19,"70":3,"71":6,"72":3,"73":46,"74":22,"75":22,"76":3,"77":6,"78":3,"79":22,"80":2,"81":1,"82":12,"83":0,"84":0,"85":1,"86":1,"87":1},"f":{"0":47,"1":10,"2":10,"3":10,"4":20,"5":21,"6":22,"7":40,"8":4,"9":22,"10":6,"11":22,"12":22,"13":6,"14":2,"15":1,"16":12,"17":0,"18":0,"19":1},"b":{"0":[10],"1":[0,20],"2":[20,0],"3":[10],"4":[40,4],"5":[11,9],"6":[19],"7":[22,12],"8":[3],"9":[22,12],"10":[26],"11":[26,0],"12":[26,0],"13":[26],"14":[26,22],"15":[46],"16":[46]}}
,"/home/genna/yc/the-grid-2/src/app/[lng]/insights/survey/components/Demographics.tsx": {"path":"/home/genna/yc/the-grid-2/src/app/[lng]/insights/survey/components/Demographics.tsx","statementMap":{"0":{"start":{"line":103,"column":0},"end":{"line":103,"column":15}},"1":{"start":{"line":3,"column":27},"end":{"line":3,"column":null}},"2":{"start":{"line":4,"column":36},"end":{"line":4,"column":null}},"3":{"start":{"line":5,"column":26},"end":{"line":5,"column":null}},"4":{"start":{"line":6,"column":41},"end":{"line":6,"column":null}},"5":{"start":{"line":7,"column":16},"end":{"line":7,"column":null}},"6":{"start":{"line":27,"column":49},"end":{"line":101,"column":null}},"7":{"start":{"line":33,"column":18},"end":{"line":33,"column":null}},"8":{"start":{"line":34,"column":16},"end":{"line":34,"column":null}},"9":{"start":{"line":35,"column":23},"end":{"line":35,"column":null}},"10":{"start":{"line":103,"column":15},"end":{"line":103,"column":null}}},"fnMap":{"0":{"name":"(anonymous_5)","decl":{"start":{"line":27,"column":49},"end":{"line":27,"column":50}},"loc":{"start":{"line":32,"column":1},"end":{"line":101,"column":null}}}},"branchMap":{"0":{"loc":{"start":{"line":48,"column":7},"end":{"line":48,"column":null}},"type":"binary-expr","locations":[{"start":{"line":48,"column":7},"end":{"line":48,"column":null}}]},"1":{"loc":{"start":{"line":53,"column":7},"end":{"line":53,"column":null}},"type":"binary-expr","locations":[{"start":{"line":53,"column":7},"end":{"line":53,"column":null}}]},"2":{"loc":{"start":{"line":58,"column":7},"end":{"line":58,"column":null}},"type":"binary-expr","locations":[{"start":{"line":58,"column":7},"end":{"line":58,"column":null}}]}},"s":{"0":46,"1":1,"2":1,"3":1,"4":1,"5":1,"6":1,"7":46,"8":46,"9":46,"10":1},"f":{"0":46},"b":{"0":[46],"1":[46],"2":[46]}}
,"/home/genna/yc/the-grid-2/src/app/components/Accordion.tsx": {"path":"/home/genna/yc/the-grid-2/src/app/components/Accordion.tsx","statementMap":{"0":{"start":{"line":110,"column":0},"end":{"line":110,"column":15}},"1":{"start":{"line":1,"column":38},"end":{"line":1,"column":null}},"2":{"start":{"line":2,"column":40},"end":{"line":2,"column":null}},"3":{"start":{"line":3,"column":43},"end":{"line":3,"column":null}},"4":{"start":{"line":4,"column":46},"end":{"line":4,"column":null}},"5":{"start":{"line":5,"column":19},"end":{"line":5,"column":null}},"6":{"start":{"line":15,"column":25},"end":{"line":29,"column":1}},"7":{"start":{"line":23,"column":4},"end":{"line":28,"column":17}},"8":{"start":{"line":31,"column":24},"end":{"line":44,"column":1}},"9":{"start":{"line":43,"column":15},"end":{"line":43,"column":46}},"10":{"start":{"line":46,"column":44},"end":{"line":108,"column":null}},"11":{"start":{"line":53,"column":36},"end":{"line":53,"column":null}},"12":{"start":{"line":54,"column":40},"end":{"line":54,"column":null}},"13":{"start":{"line":56,"column":31},"end":{"line":58,"column":null}},"14":{"start":{"line":57,"column":4},"end":{"line":57,"column":null}},"15":{"start":{"line":63,"column":23},"end":{"line":63,"column":null}},"16":{"start":{"line":99,"column":36},"end":{"line":99,"column":null}},"17":{"start":{"line":100,"column":39},"end":{"line":100,"column":null}},"18":{"start":{"line":110,"column":15},"end":{"line":110,"column":null}}},"fnMap":{"0":{"name":"(anonymous_5)","decl":{"start":{"line":22,"column":4},"end":{"line":22,"column":5}},"loc":{"start":{"line":23,"column":4},"end":{"line":28,"column":17}}},"1":{"name":"(anonymous_6)","decl":{"start":{"line":43,"column":4},"end":{"line":43,"column":5}},"loc":{"start":{"line":43,"column":15},"end":{"line":43,"column":46}}},"2":{"name":"(anonymous_7)","decl":{"start":{"line":46,"column":44},"end":{"line":46,"column":45}},"loc":{"start":{"line":52,"column":1},"end":{"line":108,"column":null}}},"3":{"name":"(anonymous_8)","decl":{"start":{"line":56,"column":31},"end":{"line":56,"column":32}},"loc":{"start":{"line":56,"column":32},"end":{"line":58,"column":null}}},"4":{"name":"(anonymous_9)","decl":{"start":{"line":63,"column":17},"end":{"line":63,"column":23}},"loc":{"start":{"line":63,"column":23},"end":{"line":63,"column":null}}},"5":{"name":"(anonymous_10)","decl":{"start":{"line":99,"column":30},"end":{"line":99,"column":36}},"loc":{"start":{"line":99,"column":36},"end":{"line":99,"column":null}}},"6":{"name":"(anonymous_11)","decl":{"start":{"line":100,"column":33},"end":{"line":100,"column":39}},"loc":{"start":{"line":100,"column":39},"end":{"line":100,"column":null}}}},"branchMap":{"0":{"loc":{"start":{"line":23,"column":4},"end":{"line":28,"column":17}},"type":"binary-expr","locations":[{"start":{"line":23,"column":4},"end":{"line":23,"column":16}},{"start":{"line":24,"column":4},"end":{"line":28,"column":17}}]},"1":{"loc":{"start":{"line":43,"column":15},"end":{"line":43,"column":46}},"type":"binary-expr","locations":[{"start":{"line":43,"column":15},"end":{"line":43,"column":28}},{"start":{"line":43,"column":32},"end":{"line":43,"column":46}}]},"2":{"loc":{"start":{"line":49,"column":2},"end":{"line":49,"column":13}},"type":"default-arg","locations":[{"start":{"line":49,"column":9},"end":{"line":49,"column":13}}]},"3":{"loc":{"start":{"line":50,"column":2},"end":{"line":50,"column":15}},"type":"default-arg","locations":[{"start":{"line":50,"column":11},"end":{"line":50,"column":15}}]},"4":{"loc":{"start":{"line":51,"column":2},"end":{"line":51,"column":16}},"type":"default-arg","locations":[{"start":{"line":51,"column":12},"end":{"line":51,"column":16}}]},"5":{"loc":{"start":{"line":57,"column":17},"end":{"line":57,"column":null}},"type":"cond-expr","locations":[{"start":{"line":57,"column":39},"end":{"line":57,"column":46}},{"start":{"line":57,"column":46},"end":{"line":57,"column":null}}]},"6":{"loc":{"start":{"line":67,"column":9},"end":{"line":67,"column":null}},"type":"cond-expr","locations":[{"start":{"line":67,"column":27},"end":{"line":67,"column":47}},{"start":{"line":67,"column":47},"end":{"line":67,"column":null}}]},"7":{"loc":{"start":{"line":78,"column":9},"end":{"line":82,"column":null}},"type":"binary-expr","locations":[{"start":{"line":78,"column":9},"end":{"line":78,"column":null}},{"start":{"line":79,"column":10},"end":{"line":82,"column":null}}]}},"s":{"0":50,"1":1,"2":1,"3":1,"4":1,"5":1,"6":1,"7":0,"8":1,"9":50,"10":1,"11":50,"12":50,"13":50,"14":0,"15":0,"16":0,"17":0,"18":1},"f":{"0":0,"1":50,"2":50,"3":0,"4":0,"5":0,"6":0},"b":{"0":[0,0],"1":[50,0],"2":[50],"3":[50],"4":[50],"5":[0,0],"6":[0,50],"7":[50,0]}}
,"/home/genna/yc/the-grid-2/src/app/components/CrosslinkCards.tsx": {"path":"/home/genna/yc/the-grid-2/src/app/components/CrosslinkCards.tsx","statementMap":{"0":{"start":{"line":114,"column":0},"end":{"line":114,"column":15}},"1":{"start":{"line":1,"column":27},"end":{"line":1,"column":null}},"2":{"start":{"line":2,"column":31},"end":{"line":2,"column":null}},"3":{"start":{"line":3,"column":44},"end":{"line":3,"column":null}},"4":{"start":{"line":4,"column":18},"end":{"line":4,"column":null}},"5":{"start":{"line":5,"column":17},"end":{"line":5,"column":null}},"6":{"start":{"line":6,"column":26},"end":{"line":6,"column":null}},"7":{"start":{"line":7,"column":18},"end":{"line":7,"column":null}},"8":{"start":{"line":8,"column":19},"end":{"line":8,"column":null}},"9":{"start":{"line":22,"column":22},"end":{"line":24,"column":1}},"10":{"start":{"line":26,"column":20},"end":{"line":50,"column":1}},"11":{"start":{"line":30,"column":33},"end":{"line":30,"column":69}},"12":{"start":{"line":39,"column":4},"end":{"line":45,"column":6}},"13":{"start":{"line":52,"column":53},"end":{"line":112,"column":null}},"14":{"start":{"line":53,"column":18},"end":{"line":53,"column":null}},"15":{"start":{"line":54,"column":16},"end":{"line":54,"column":null}},"16":{"start":{"line":56,"column":19},"end":{"line":56,"column":null}},"17":{"start":{"line":71,"column":8},"end":{"line":72,"column":null}},"18":{"start":{"line":114,"column":15},"end":{"line":114,"column":null}}},"fnMap":{"0":{"name":"(anonymous_2)","decl":{"start":{"line":30,"column":14},"end":{"line":30,"column":15}},"loc":{"start":{"line":30,"column":33},"end":{"line":30,"column":69}}},"1":{"name":"(anonymous_3)","decl":{"start":{"line":38,"column":16},"end":{"line":38,"column":17}},"loc":{"start":{"line":39,"column":4},"end":{"line":45,"column":6}}},"2":{"name":"(anonymous_4)","decl":{"start":{"line":52,"column":53},"end":{"line":52,"column":54}},"loc":{"start":{"line":52,"column":63},"end":{"line":112,"column":null}}},"3":{"name":"(anonymous_5)","decl":{"start":{"line":70,"column":17},"end":{"line":70,"column":18}},"loc":{"start":{"line":71,"column":8},"end":{"line":72,"column":null}}}},"branchMap":{"0":{"loc":{"start":{"line":30,"column":33},"end":{"line":30,"column":69}},"type":"cond-expr","locations":[{"start":{"line":30,"column":44},"end":{"line":30,"column":57}},{"start":{"line":30,"column":57},"end":{"line":30,"column":69}}]},"1":{"loc":{"start":{"line":39,"column":4},"end":{"line":45,"column":6}},"type":"cond-expr","locations":[{"start":{"line":40,"column":8},"end":{"line":40,"column":null}},{"start":{"line":41,"column":8},"end":{"line":45,"column":6}}]},"2":{"loc":{"start":{"line":91,"column":23},"end":{"line":91,"column":null}},"type":"binary-expr","locations":[{"start":{"line":91,"column":23},"end":{"line":91,"column":31}},{"start":{"line":91,"column":31},"end":{"line":91,"column":null}}]},"3":{"loc":{"start":{"line":96,"column":20},"end":{"line":98,"column":null}},"type":"cond-expr","locations":[{"start":{"line":97,"column":24},"end":{"line":97,"column":null}},{"start":{"line":98,"column":24},"end":{"line":98,"column":null}}]},"4":{"loc":{"start":{"line":96,"column":39},"end":{"line":96,"column":null}},"type":"binary-expr","locations":[{"start":{"line":96,"column":39},"end":{"line":96,"column":47}},{"start":{"line":96,"column":47},"end":{"line":96,"column":null}}]}},"s":{"0":0,"1":1,"2":1,"3":1,"4":1,"5":1,"6":1,"7":1,"8":1,"9":1,"10":1,"11":0,"12":0,"13":1,"14":0,"15":0,"16":0,"17":0,"18":1},"f":{"0":0,"1":0,"2":0,"3":0},"b":{"0":[0,0],"1":[0,0],"2":[0,0],"3":[0,0],"4":[0,0]}}
,"/home/genna/yc/the-grid-2/src/app/components/Drawer.tsx": {"path":"/home/genna/yc/the-grid-2/src/app/components/Drawer.tsx","statementMap":{"0":{"start":{"line":201,"column":0},"end":{"line":201,"column":15}},"1":{"start":{"line":1,"column":30},"end":{"line":1,"column":null}},"2":{"start":{"line":2,"column":41},"end":{"line":2,"column":null}},"3":{"start":{"line":3,"column":23},"end":{"line":3,"column":null}},"4":{"start":{"line":4,"column":51},"end":{"line":4,"column":null}},"5":{"start":{"line":5,"column":34},"end":{"line":5,"column":null}},"6":{"start":{"line":6,"column":19},"end":{"line":6,"column":null}},"7":{"start":{"line":21,"column":24},"end":{"line":49,"column":1}},"8":{"start":{"line":27,"column":34},"end":{"line":27,"column":68}},"9":{"start":{"line":31,"column":34},"end":{"line":31,"column":44}},"10":{"start":{"line":45,"column":4},"end":{"line":47,"column":50}},"11":{"start":{"line":51,"column":16},"end":{"line":62,"column":1}},"12":{"start":{"line":52,"column":30},"end":{"line":52,"column":57}},"13":{"start":{"line":61,"column":30},"end":{"line":61,"column":46}},"14":{"start":{"line":64,"column":12},"end":{"line":88,"column":1}},"15":{"start":{"line":69,"column":34},"end":{"line":69,"column":68}},"16":{"start":{"line":74,"column":40},"end":{"line":74,"column":78}},"17":{"start":{"line":90,"column":38},"end":{"line":199,"column":null}},"18":{"start":{"line":102,"column":20},"end":{"line":102,"column":null}},"19":{"start":{"line":103,"column":17},"end":{"line":103,"column":null}},"20":{"start":{"line":104,"column":36},"end":{"line":104,"column":null}},"21":{"start":{"line":105,"column":20},"end":{"line":105,"column":null}},"22":{"start":{"line":106,"column":19},"end":{"line":111,"column":null}},"23":{"start":{"line":114,"column":2},"end":{"line":118,"column":null}},"24":{"start":{"line":115,"column":4},"end":{"line":117,"column":null}},"25":{"start":{"line":116,"column":6},"end":{"line":116,"column":null}},"26":{"start":{"line":121,"column":2},"end":{"line":132,"column":null}},"27":{"start":{"line":122,"column":4},"end":{"line":122,"column":null}},"28":{"start":{"line":122,"column":28},"end":{"line":122,"column":null}},"29":{"start":{"line":123,"column":27},"end":{"line":127,"column":null}},"30":{"start":{"line":124,"column":6},"end":{"line":126,"column":null}},"31":{"start":{"line":125,"column":8},"end":{"line":125,"column":null}},"32":{"start":{"line":129,"column":4},"end":{"line":129,"column":null}},"33":{"start":{"line":131,"column":4},"end":{"line":131,"column":null}},"34":{"start":{"line":131,"column":17},"end":{"line":131,"column":null}},"35":{"start":{"line":134,"column":2},"end":{"line":159,"column":null}},"36":{"start":{"line":135,"column":31},"end":{"line":146,"column":null}},"37":{"start":{"line":136,"column":6},"end":{"line":136,"column":null}},"38":{"start":{"line":136,"column":26},"end":{"line":136,"column":null}},"39":{"start":{"line":137,"column":6},"end":{"line":145,"column":null}},"40":{"start":{"line":144,"column":8},"end":{"line":144,"column":null}},"41":{"start":{"line":148,"column":4},"end":{"line":155,"column":null}},"42":{"start":{"line":149,"column":6},"end":{"line":149,"column":null}},"43":{"start":{"line":151,"column":6},"end":{"line":154,"column":null}},"44":{"start":{"line":152,"column":27},"end":{"line":152,"column":null}},"45":{"start":{"line":153,"column":8},"end":{"line":153,"column":40}},"46":{"start":{"line":156,"column":4},"end":{"line":158,"column":null}},"47":{"start":{"line":157,"column":6},"end":{"line":157,"column":null}},"48":{"start":{"line":181,"column":12},"end":{"line":185,"column":null}},"49":{"start":{"line":201,"column":15},"end":{"line":201,"column":null}}},"fnMap":{"0":{"name":"(anonymous_5)","decl":{"start":{"line":27,"column":14},"end":{"line":27,"column":15}},"loc":{"start":{"line":27,"column":34},"end":{"line":27,"column":68}}},"1":{"name":"(anonymous_6)","decl":{"start":{"line":31,"column":15},"end":{"line":31,"column":16}},"loc":{"start":{"line":31,"column":34},"end":{"line":31,"column":44}}},"2":{"name":"(anonymous_7)","decl":{"start":{"line":44,"column":15},"end":{"line":44,"column":16}},"loc":{"start":{"line":45,"column":4},"end":{"line":47,"column":50}}},"3":{"name":"(anonymous_8)","decl":{"start":{"line":52,"column":13},"end":{"line":52,"column":14}},"loc":{"start":{"line":52,"column":30},"end":{"line":52,"column":57}}},"4":{"name":"(anonymous_9)","decl":{"start":{"line":61,"column":13},"end":{"line":61,"column":14}},"loc":{"start":{"line":61,"column":30},"end":{"line":61,"column":46}}},"5":{"name":"(anonymous_10)","decl":{"start":{"line":69,"column":14},"end":{"line":69,"column":15}},"loc":{"start":{"line":69,"column":34},"end":{"line":69,"column":68}}},"6":{"name":"(anonymous_11)","decl":{"start":{"line":74,"column":11},"end":{"line":74,"column":12}},"loc":{"start":{"line":74,"column":40},"end":{"line":74,"column":78}}},"7":{"name":"(anonymous_12)","decl":{"start":{"line":90,"column":38},"end":{"line":90,"column":39}},"loc":{"start":{"line":101,"column":1},"end":{"line":199,"column":null}}},"8":{"name":"(anonymous_13)","decl":{"start":{"line":114,"column":12},"end":{"line":114,"column":null}},"loc":{"start":{"line":114,"column":12},"end":{"line":118,"column":5}}},"9":{"name":"(anonymous_14)","decl":{"start":{"line":121,"column":12},"end":{"line":121,"column":null}},"loc":{"start":{"line":121,"column":12},"end":{"line":132,"column":5}}},"10":{"name":"(anonymous_15)","decl":{"start":{"line":123,"column":46},"end":{"line":123,"column":null}},"loc":{"start":{"line":123,"column":46},"end":{"line":127,"column":null}}},"11":{"name":"(anonymous_16)","decl":{"start":{"line":131,"column":11},"end":{"line":131,"column":17}},"loc":{"start":{"line":131,"column":17},"end":{"line":131,"column":null}}},"12":{"name":"(anonymous_17)","decl":{"start":{"line":134,"column":12},"end":{"line":134,"column":null}},"loc":{"start":{"line":134,"column":12},"end":{"line":159,"column":5}}},"13":{"name":"(anonymous_18)","decl":{"start":{"line":135,"column":31},"end":{"line":135,"column":32}},"loc":{"start":{"line":135,"column":32},"end":{"line":146,"column":null}}},"14":{"name":"(anonymous_19)","decl":{"start":{"line":156,"column":11},"end":{"line":156,"column":null}},"loc":{"start":{"line":156,"column":11},"end":{"line":158,"column":null}}},"15":{"name":"(anonymous_20)","decl":{"start":{"line":180,"column":39},"end":{"line":180,"column":40}},"loc":{"start":{"line":181,"column":12},"end":{"line":185,"column":null}}}},"branchMap":{"0":{"loc":{"start":{"line":27,"column":34},"end":{"line":27,"column":68}},"type":"cond-expr","locations":[{"start":{"line":27,"column":46},"end":{"line":27,"column":59}},{"start":{"line":27,"column":59},"end":{"line":27,"column":68}}]},"1":{"loc":{"start":{"line":45,"column":4},"end":{"line":47,"column":50}},"type":"cond-expr","locations":[{"start":{"line":46,"column":8},"end":{"line":46,"column":49}},{"start":{"line":47,"column":8},"end":{"line":47,"column":50}}]},"2":{"loc":{"start":{"line":52,"column":30},"end":{"line":52,"column":57}},"type":"cond-expr","locations":[{"start":{"line":52,"column":39},"end":{"line":52,"column":49}},{"start":{"line":52,"column":49},"end":{"line":52,"column":57}}]},"3":{"loc":{"start":{"line":61,"column":30},"end":{"line":61,"column":46}},"type":"cond-expr","locations":[{"start":{"line":61,"column":39},"end":{"line":61,"column":43}},{"start":{"line":61,"column":43},"end":{"line":61,"column":46}}]},"4":{"loc":{"start":{"line":69,"column":34},"end":{"line":69,"column":68}},"type":"cond-expr","locations":[{"start":{"line":69,"column":46},"end":{"line":69,"column":59}},{"start":{"line":69,"column":59},"end":{"line":69,"column":68}}]},"5":{"loc":{"start":{"line":99,"column":2},"end":{"line":99,"column":15}},"type":"default-arg","locations":[{"start":{"line":99,"column":14},"end":{"line":99,"column":15}}]},"6":{"loc":{"start":{"line":100,"column":2},"end":{"line":100,"column":23}},"type":"default-arg","locations":[{"start":{"line":100,"column":7},"end":{"line":100,"column":23}}]},"7":{"loc":{"start":{"line":115,"column":4},"end":{"line":117,"column":null}},"type":"if","locations":[{"start":{"line":115,"column":4},"end":{"line":117,"column":null}}]},"8":{"loc":{"start":{"line":115,"column":8},"end":{"line":115,"column":35}},"type":"binary-expr","locations":[{"start":{"line":115,"column":8},"end":{"line":115,"column":18}},{"start":{"line":115,"column":18},"end":{"line":115,"column":35}}]},"9":{"loc":{"start":{"line":122,"column":4},"end":{"line":122,"column":null}},"type":"if","locations":[{"start":{"line":122,"column":4},"end":{"line":122,"column":null}}]},"10":{"loc":{"start":{"line":124,"column":6},"end":{"line":126,"column":null}},"type":"if","locations":[{"start":{"line":124,"column":6},"end":{"line":126,"column":null}}]},"11":{"loc":{"start":{"line":136,"column":6},"end":{"line":136,"column":null}},"type":"if","locations":[{"start":{"line":136,"column":6},"end":{"line":136,"column":null}}]},"12":{"loc":{"start":{"line":137,"column":6},"end":{"line":145,"column":null}},"type":"if","locations":[{"start":{"line":137,"column":6},"end":{"line":145,"column":null}}]},"13":{"loc":{"start":{"line":138,"column":8},"end":{"line":142,"column":55}},"type":"binary-expr","locations":[{"start":{"line":138,"column":8},"end":{"line":138,"column":null}},{"start":{"line":139,"column":8},"end":{"line":139,"column":25}},{"start":{"line":140,"column":8},"end":{"line":140,"column":22}},{"start":{"line":141,"column":8},"end":{"line":141,"column":null}},{"start":{"line":142,"column":8},"end":{"line":142,"column":55}}]},"14":{"loc":{"start":{"line":148,"column":4},"end":{"line":155,"column":null}},"type":"if","locations":[{"start":{"line":148,"column":4},"end":{"line":155,"column":null}}]},"15":{"loc":{"start":{"line":151,"column":6},"end":{"line":154,"column":null}},"type":"if","locations":[{"start":{"line":151,"column":6},"end":{"line":154,"column":null}}]},"16":{"loc":{"start":{"line":163,"column":7},"end":{"line":163,"column":null}},"type":"binary-expr","locations":[{"start":{"line":163,"column":7},"end":{"line":163,"column":null}}]},"17":{"loc":{"start":{"line":176,"column":19},"end":{"line":176,"column":null}},"type":"binary-expr","locations":[{"start":{"line":176,"column":19},"end":{"line":176,"column":31}},{"start":{"line":176,"column":31},"end":{"line":176,"column":null}}]},"18":{"loc":{"start":{"line":179,"column":9},"end":{"line":185,"column":null}},"type":"binary-expr","locations":[{"start":{"line":179,"column":9},"end":{"line":179,"column":null}},{"start":{"line":180,"column":10},"end":{"line":185,"column":null}}]},"19":{"loc":{"start":{"line":181,"column":12},"end":{"line":185,"column":null}},"type":"cond-expr","locations":[{"start":{"line":182,"column":16},"end":{"line":184,"column":null}},{"start":{"line":185,"column":16},"end":{"line":185,"column":null}}]},"20":{"loc":{"start":{"line":190,"column":19},"end":{"line":190,"column":null}},"type":"binary-expr","locations":[{"start":{"line":190,"column":19},"end":{"line":190,"column":31}},{"start":{"line":190,"column":31},"end":{"line":190,"column":null}}]},"21":{"loc":{"start":{"line":192,"column":17},"end":{"line":192,"column":null}},"type":"cond-expr","locations":[{"start":{"line":192,"column":26},"end":{"line":192,"column":38}},{"start":{"line":192,"column":38},"end":{"line":192,"column":null}}]},"22":{"loc":{"start":{"line":193,"column":17},"end":{"line":193,"column":null}},"type":"cond-expr","locations":[{"start":{"line":193,"column":26},"end":{"line":193,"column":36}},{"start":{"line":193,"column":36},"end":{"line":193,"column":null}}]},"23":{"loc":{"start":{"line":195,"column":26},"end":{"line":195,"column":null}},"type":"cond-expr","locations":[{"start":{"line":195,"column":35},"end":{"line":195,"column":45}},{"start":{"line":195,"column":45},"end":{"line":195,"column":null}}]},"24":{"loc":{"start":{"line":195,"column":45},"end":{"line":195,"column":null}},"type":"binary-expr","locations":[{"start":{"line":195,"column":45},"end":{"line":195,"column":56}},{"start":{"line":195,"column":56},"end":{"line":195,"column":null}}]}},"s":{"0":46,"1":1,"2":1,"3":1,"4":1,"5":1,"6":1,"7":1,"8":46,"9":46,"10":46,"11":1,"12":46,"13":46,"14":1,"15":46,"16":46,"17":1,"18":46,"19":46,"20":46,"21":46,"22":46,"23":46,"24":10,"25":0,"26":46,"27":10,"28":0,"29":10,"30":10,"31":10,"32":10,"33":10,"34":10,"35":46,"36":10,"37":0,"38":0,"39":0,"40":0,"41":10,"42":0,"43":0,"44":0,"45":0,"46":10,"47":10,"48":46,"49":1},"f":{"0":46,"1":46,"2":46,"3":46,"4":46,"5":46,"6":46,"7":46,"8":10,"9":10,"10":10,"11":10,"12":10,"13":0,"14":10,"15":46},"b":{"0":[0,46],"1":[0,46],"2":[0,46],"3":[0,46],"4":[0,46],"5":[46],"6":[46],"7":[0],"8":[10,0],"9":[0],"10":[10],"11":[0],"12":[0],"13":[0,0,0,0,0],"14":[0],"15":[0],"16":[46],"17":[46,46],"18":[46,46],"19":[46,0],"20":[46,46],"21":[0,46],"22":[0,46],"23":[0,46],"24":[46,0]}}
,"/home/genna/yc/the-grid-2/src/app/components/dataviz/Customize.tsx": {"path":"/home/genna/yc/the-grid-2/src/app/components/dataviz/Customize.tsx","statementMap":{"0":{"start":{"line":57,"column":0},"end":{"line":57,"column":15}},"1":{"start":{"line":1,"column":27},"end":{"line":1,"column":null}},"2":{"start":{"line":2,"column":36},"end":{"line":2,"column":null}},"3":{"start":{"line":3,"column":26},"end":{"line":3,"column":null}},"4":{"start":{"line":4,"column":18},"end":{"line":4,"column":null}},"5":{"start":{"line":5,"column":19},"end":{"line":5,"column":null}},"6":{"start":{"line":6,"column":22},"end":{"line":6,"column":null}},"7":{"start":{"line":14,"column":23},"end":{"line":24,"column":1}},"8":{"start":{"line":26,"column":44},"end":{"line":55,"column":null}},"9":{"start":{"line":31,"column":18},"end":{"line":31,"column":null}},"10":{"start":{"line":32,"column":16},"end":{"line":32,"column":null}},"11":{"start":{"line":34,"column":23},"end":{"line":40,"column":null}},"12":{"start":{"line":35,"column":4},"end":{"line":38,"column":null}},"13":{"start":{"line":36,"column":6},"end":{"line":38,"column":null}},"14":{"start":{"line":37,"column":39},"end":{"line":37,"column":null}},"15":{"start":{"line":45,"column":8},"end":{"line":46,"column":null}},"16":{"start":{"line":50,"column":26},"end":{"line":50,"column":null}},"17":{"start":{"line":57,"column":15},"end":{"line":57,"column":null}}},"fnMap":{"0":{"name":"(anonymous_2)","decl":{"start":{"line":26,"column":44},"end":{"line":26,"column":45}},"loc":{"start":{"line":30,"column":1},"end":{"line":55,"column":null}}},"1":{"name":"(anonymous_3)","decl":{"start":{"line":34,"column":23},"end":{"line":34,"column":24}},"loc":{"start":{"line":34,"column":24},"end":{"line":40,"column":null}}},"2":{"name":"(anonymous_4)","decl":{"start":{"line":35,"column":23},"end":{"line":35,"column":24}},"loc":{"start":{"line":36,"column":6},"end":{"line":38,"column":null}}},"3":{"name":"(anonymous_5)","decl":{"start":{"line":37,"column":30},"end":{"line":37,"column":31}},"loc":{"start":{"line":37,"column":39},"end":{"line":37,"column":null}}},"4":{"name":"(anonymous_6)","decl":{"start":{"line":44,"column":22},"end":{"line":44,"column":23}},"loc":{"start":{"line":45,"column":8},"end":{"line":46,"column":null}}},"5":{"name":"(anonymous_7)","decl":{"start":{"line":50,"column":20},"end":{"line":50,"column":26}},"loc":{"start":{"line":50,"column":26},"end":{"line":50,"column":null}}}},"branchMap":{"0":{"loc":{"start":{"line":36,"column":6},"end":{"line":38,"column":null}},"type":"cond-expr","locations":[{"start":{"line":37,"column":10},"end":{"line":37,"column":null}},{"start":{"line":38,"column":10},"end":{"line":38,"column":null}}]}},"s":{"0":50,"1":1,"2":1,"3":1,"4":1,"5":1,"6":1,"7":1,"8":1,"9":50,"10":50,"11":50,"12":0,"13":0,"14":0,"15":8,"16":0,"17":1},"f":{"0":50,"1":0,"2":0,"3":0,"4":8,"5":0},"b":{"0":[0,0]}}
}
