{"/home/genna/yc/the-grid-2/src/app/[lng]/insights/survey/page.tsx": {"path":"/home/genna/yc/the-grid-2/src/app/[lng]/insights/survey/page.tsx","statementMap":{"0":{"start":{"line":500,"column":0},"end":{"line":500,"column":15}},"1":{"start":{"line":3,"column":22},"end":{"line":3,"column":null}},"2":{"start":{"line":4,"column":26},"end":{"line":4,"column":null}},"3":{"start":{"line":5,"column":19},"end":{"line":5,"column":null}},"4":{"start":{"line":6,"column":21},"end":{"line":6,"column":null}},"5":{"start":{"line":7,"column":21},"end":{"line":7,"column":null}},"6":{"start":{"line":8,"column":25},"end":{"line":8,"column":null}},"7":{"start":{"line":9,"column":20},"end":{"line":9,"column":null}},"8":{"start":{"line":10,"column":31},"end":{"line":10,"column":null}},"9":{"start":{"line":11,"column":27},"end":{"line":11,"column":null}},"10":{"start":{"line":12,"column":30},"end":{"line":12,"column":null}},"11":{"start":{"line":13,"column":29},"end":{"line":13,"column":null}},"12":{"start":{"line":14,"column":22},"end":{"line":14,"column":null}},"13":{"start":{"line":25,"column":7},"end":{"line":25,"column":null}},"14":{"start":{"line":26,"column":24},"end":{"line":26,"column":null}},"15":{"start":{"line":27,"column":20},"end":{"line":27,"column":null}},"16":{"start":{"line":28,"column":14},"end":{"line":28,"column":null}},"17":{"start":{"line":29,"column":26},"end":{"line":29,"column":null}},"18":{"start":{"line":30,"column":55},"end":{"line":30,"column":null}},"19":{"start":{"line":31,"column":19},"end":{"line":31,"column":null}},"20":{"start":{"line":32,"column":19},"end":{"line":32,"column":null}},"21":{"start":{"line":34,"column":0},"end":{"line":36,"column":null}},"22":{"start":{"line":56,"column":4},"end":{"line":61,"column":null}},"23":{"start":{"line":63,"column":21},"end":{"line":71,"column":1}},"24":{"start":{"line":73,"column":27},"end":{"line":79,"column":1}},"25":{"start":{"line":82,"column":24},"end":{"line":85,"column":null}},"26":{"start":{"line":83,"column":16},"end":{"line":83,"column":null}},"27":{"start":{"line":83,"column":64},"end":{"line":83,"column":null}},"28":{"start":{"line":84,"column":2},"end":{"line":84,"column":34}},"29":{"start":{"line":87,"column":56},"end":{"line":114,"column":null}},"30":{"start":{"line":117,"column":2},"end":{"line":117,"column":null}},"31":{"start":{"line":119,"column":25},"end":{"line":498,"column":null}},"32":{"start":{"line":129,"column":6},"end":{"line":129,"column":null}},"33":{"start":{"line":130,"column":18},"end":{"line":130,"column":null}},"34":{"start":{"line":131,"column":16},"end":{"line":131,"column":null}},"35":{"start":{"line":132,"column":23},"end":{"line":132,"column":null}},"36":{"start":{"line":133,"column":32},"end":{"line":133,"column":null}},"37":{"start":{"line":134,"column":20},"end":{"line":134,"column":null}},"38":{"start":{"line":135,"column":46},"end":{"line":135,"column":null}},"39":{"start":{"line":136,"column":42},"end":{"line":136,"column":null}},"40":{"start":{"line":138,"column":42},"end":{"line":155,"column":null}},"41":{"start":{"line":156,"column":36},"end":{"line":156,"column":null}},"42":{"start":{"line":157,"column":34},"end":{"line":157,"column":null}},"43":{"start":{"line":158,"column":40},"end":{"line":158,"column":null}},"44":{"start":{"line":159,"column":16},"end":{"line":159,"column":null}},"45":{"start":{"line":161,"column":19},"end":{"line":166,"column":null}},"46":{"start":{"line":168,"column":21},"end":{"line":168,"column":null}},"47":{"start":{"line":169,"column":15},"end":{"line":169,"column":null}},"48":{"start":{"line":171,"column":2},"end":{"line":200,"column":null}},"49":{"start":{"line":172,"column":21},"end":{"line":197,"column":null}},"50":{"start":{"line":173,"column":6},"end":{"line":173,"column":null}},"51":{"start":{"line":174,"column":6},"end":{"line":195,"column":null}},"52":{"start":{"line":175,"column":24},"end":{"line":175,"column":59}},"53":{"start":{"line":177,"column":8},"end":{"line":192,"column":null}},"54":{"start":{"line":178,"column":29},"end":{"line":178,"column":51}},"55":{"start":{"line":180,"column":27},"end":{"line":189,"column":null}},"56":{"start":{"line":180,"column":50},"end":{"line":189,"column":null}},"57":{"start":{"line":191,"column":10},"end":{"line":191,"column":null}},"58":{"start":{"line":194,"column":8},"end":{"line":194,"column":null}},"59":{"start":{"line":196,"column":6},"end":{"line":196,"column":null}},"60":{"start":{"line":199,"column":4},"end":{"line":199,"column":null}},"61":{"start":{"line":203,"column":2},"end":{"line":215,"column":null}},"62":{"start":{"line":204,"column":4},"end":{"line":204,"column":null}},"63":{"start":{"line":204,"column":15},"end":{"line":204,"column":null}},"64":{"start":{"line":206,"column":25},"end":{"line":208,"column":null}},"65":{"start":{"line":207,"column":6},"end":{"line":208,"column":null}},"66":{"start":{"line":208,"column":19},"end":{"line":208,"column":77}},"67":{"start":{"line":212,"column":28},"end":{"line":212,"column":null}},"68":{"start":{"line":212,"column":59},"end":{"line":212,"column":72}},"69":{"start":{"line":213,"column":4},"end":{"line":213,"column":null}},"70":{"start":{"line":214,"column":4},"end":{"line":214,"column":null}},"71":{"start":{"line":218,"column":2},"end":{"line":222,"column":null}},"72":{"start":{"line":219,"column":4},"end":{"line":219,"column":null}},"73":{"start":{"line":219,"column":35},"end":{"line":219,"column":null}},"74":{"start":{"line":220,"column":25},"end":{"line":220,"column":null}},"75":{"start":{"line":220,"column":44},"end":{"line":220,"column":null}},"76":{"start":{"line":221,"column":4},"end":{"line":221,"column":null}},"77":{"start":{"line":224,"column":2},"end":{"line":235,"column":null}},"78":{"start":{"line":225,"column":33},"end":{"line":232,"column":null}},"79":{"start":{"line":226,"column":6},"end":{"line":231,"column":null}},"80":{"start":{"line":227,"column":29},"end":{"line":228,"column":null}},"81":{"start":{"line":228,"column":17},"end":{"line":228,"column":null}},"82":{"start":{"line":230,"column":8},"end":{"line":230,"column":null}},"83":{"start":{"line":234,"column":4},"end":{"line":234,"column":null}},"84":{"start":{"line":276,"column":37},"end":{"line":276,"column":null}},"85":{"start":{"line":318,"column":33},"end":{"line":318,"column":null}},"86":{"start":{"line":321,"column":18},"end":{"line":321,"column":null}},"87":{"start":{"line":408,"column":14},"end":{"line":409,"column":null}},"88":{"start":{"line":472,"column":22},"end":{"line":472,"column":null}},"89":{"start":{"line":474,"column":10},"end":{"line":474,"column":null}},"90":{"start":{"line":475,"column":10},"end":{"line":475,"column":null}},"91":{"start":{"line":500,"column":15},"end":{"line":500,"column":null}}},"fnMap":{"0":{"name":"(anonymous_5)","decl":{"start":{"line":82,"column":24},"end":{"line":82,"column":25}},"loc":{"start":{"line":82,"column":25},"end":{"line":85,"column":null}}},"1":{"name":"(anonymous_6)","decl":{"start":{"line":83,"column":48},"end":{"line":83,"column":49}},"loc":{"start":{"line":83,"column":64},"end":{"line":83,"column":null}}},"2":{"name":"(anonymous_7)","decl":{"start":{"line":119,"column":25},"end":{"line":119,"column":null}},"loc":{"start":{"line":119,"column":25},"end":{"line":498,"column":null}}},"3":{"name":"(anonymous_8)","decl":{"start":{"line":171,"column":12},"end":{"line":171,"column":null}},"loc":{"start":{"line":171,"column":12},"end":{"line":200,"column":5}}},"4":{"name":"(anonymous_9)","decl":{"start":{"line":172,"column":21},"end":{"line":172,"column":null}},"loc":{"start":{"line":172,"column":21},"end":{"line":197,"column":null}}},"5":{"name":"(anonymous_10)","decl":{"start":{"line":180,"column":42},"end":{"line":180,"column":43}},"loc":{"start":{"line":180,"column":50},"end":{"line":189,"column":null}}},"6":{"name":"(anonymous_11)","decl":{"start":{"line":203,"column":12},"end":{"line":203,"column":null}},"loc":{"start":{"line":203,"column":12},"end":{"line":215,"column":5}}},"7":{"name":"(anonymous_12)","decl":{"start":{"line":206,"column":37},"end":{"line":206,"column":38}},"loc":{"start":{"line":207,"column":6},"end":{"line":208,"column":null}}},"8":{"name":"(anonymous_13)","decl":{"start":{"line":208,"column":8},"end":{"line":208,"column":9}},"loc":{"start":{"line":208,"column":19},"end":{"line":208,"column":77}}},"9":{"name":"(anonymous_14)","decl":{"start":{"line":212,"column":52},"end":{"line":212,"column":53}},"loc":{"start":{"line":212,"column":59},"end":{"line":212,"column":72}}},"10":{"name":"(anonymous_15)","decl":{"start":{"line":218,"column":12},"end":{"line":218,"column":null}},"loc":{"start":{"line":218,"column":12},"end":{"line":222,"column":5}}},"11":{"name":"(anonymous_16)","decl":{"start":{"line":220,"column":37},"end":{"line":220,"column":38}},"loc":{"start":{"line":220,"column":44},"end":{"line":220,"column":null}}},"12":{"name":"(anonymous_17)","decl":{"start":{"line":224,"column":12},"end":{"line":224,"column":null}},"loc":{"start":{"line":224,"column":12},"end":{"line":235,"column":5}}},"13":{"name":"(anonymous_18)","decl":{"start":{"line":225,"column":33},"end":{"line":225,"column":null}},"loc":{"start":{"line":225,"column":33},"end":{"line":232,"column":null}}},"14":{"name":"(anonymous_19)","decl":{"start":{"line":228,"column":10},"end":{"line":228,"column":11}},"loc":{"start":{"line":228,"column":17},"end":{"line":228,"column":null}}},"15":{"name":"(anonymous_20)","decl":{"start":{"line":276,"column":26},"end":{"line":276,"column":27}},"loc":{"start":{"line":276,"column":37},"end":{"line":276,"column":null}}},"16":{"name":"(anonymous_21)","decl":{"start":{"line":318,"column":26},"end":{"line":318,"column":27}},"loc":{"start":{"line":318,"column":33},"end":{"line":318,"column":null}}},"17":{"name":"(anonymous_22)","decl":{"start":{"line":320,"column":31},"end":{"line":320,"column":32}},"loc":{"start":{"line":321,"column":18},"end":{"line":321,"column":null}}},"18":{"name":"(anonymous_23)","decl":{"start":{"line":407,"column":22},"end":{"line":407,"column":23}},"loc":{"start":{"line":408,"column":14},"end":{"line":409,"column":null}}},"19":{"name":"(anonymous_24)","decl":{"start":{"line":472,"column":16},"end":{"line":472,"column":22}},"loc":{"start":{"line":472,"column":22},"end":{"line":472,"column":null}}},"20":{"name":"(anonymous_25)","decl":{"start":{"line":473,"column":17},"end":{"line":473,"column":null}},"loc":{"start":{"line":473,"column":17},"end":{"line":476,"column":null}}}},"branchMap":{"0":{"loc":{"start":{"line":84,"column":9},"end":{"line":84,"column":34}},"type":"cond-expr","locations":[{"start":{"line":84,"column":17},"end":{"line":84,"column":25}},{"start":{"line":84,"column":28},"end":{"line":84,"column":34}}]},"1":{"loc":{"start":{"line":177,"column":8},"end":{"line":192,"column":null}},"type":"if","locations":[{"start":{"line":177,"column":8},"end":{"line":192,"column":null}}]},"2":{"loc":{"start":{"line":185,"column":14},"end":{"line":187,"column":null}},"type":"cond-expr","locations":[{"start":{"line":186,"column":18},"end":{"line":186,"column":null}},{"start":{"line":187,"column":18},"end":{"line":187,"column":null}}]},"3":{"loc":{"start":{"line":188,"column":23},"end":{"line":188,"column":null}},"type":"binary-expr","locations":[{"start":{"line":188,"column":23},"end":{"line":188,"column":34}},{"start":{"line":188,"column":38},"end":{"line":188,"column":null}}]},"4":{"loc":{"start":{"line":204,"column":4},"end":{"line":204,"column":null}},"type":"if","locations":[{"start":{"line":204,"column":4},"end":{"line":204,"column":null}}]},"5":{"loc":{"start":{"line":208,"column":19},"end":{"line":208,"column":77}},"type":"binary-expr","locations":[{"start":{"line":208,"column":19},"end":{"line":208,"column":47}},{"start":{"line":208,"column":51},"end":{"line":208,"column":77}}]},"6":{"loc":{"start":{"line":214,"column":23},"end":{"line":214,"column":null}},"type":"binary-expr","locations":[{"start":{"line":214,"column":23},"end":{"line":214,"column":42}},{"start":{"line":214,"column":57},"end":{"line":214,"column":null}}]},"7":{"loc":{"start":{"line":219,"column":4},"end":{"line":219,"column":null}},"type":"if","locations":[{"start":{"line":219,"column":4},"end":{"line":219,"column":null}}]},"8":{"loc":{"start":{"line":219,"column":8},"end":{"line":219,"column":35}},"type":"binary-expr","locations":[{"start":{"line":219,"column":8},"end":{"line":219,"column":17}},{"start":{"line":219,"column":17},"end":{"line":219,"column":35}}]},"9":{"loc":{"start":{"line":226,"column":6},"end":{"line":231,"column":null}},"type":"if","locations":[{"start":{"line":226,"column":6},"end":{"line":231,"column":null}}]},"10":{"loc":{"start":{"line":226,"column":10},"end":{"line":226,"column":35}},"type":"binary-expr","locations":[{"start":{"line":226,"column":10},"end":{"line":226,"column":18}},{"start":{"line":226,"column":18},"end":{"line":226,"column":35}}]},"11":{"loc":{"start":{"line":270,"column":12},"end":{"line":370,"column":13}},"type":"cond-expr","locations":[{"start":{"line":270,"column":12},"end":{"line":370,"column":13}}]},"12":{"loc":{"start":{"line":273,"column":27},"end":{"line":273,"column":null}},"type":"cond-expr","locations":[{"start":{"line":273,"column":38},"end":{"line":273,"column":49}},{"start":{"line":273,"column":49},"end":{"line":273,"column":null}}]},"13":{"loc":{"start":{"line":283,"column":30},"end":{"line":283,"column":null}},"type":"cond-expr","locations":[{"start":{"line":283,"column":41},"end":{"line":283,"column":50}},{"start":{"line":283,"column":50},"end":{"line":283,"column":null}}]},"14":{"loc":{"start":{"line":339,"column":15},"end":{"line":339,"column":null}},"type":"binary-expr","locations":[{"start":{"line":339,"column":15},"end":{"line":339,"column":null}}]},"15":{"loc":{"start":{"line":356,"column":22},"end":{"line":356,"column":39}},"type":"binary-expr","locations":[{"start":{"line":356,"column":22},"end":{"line":356,"column":37}},{"start":{"line":356,"column":37},"end":{"line":356,"column":39}}]},"16":{"loc":{"start":{"line":406,"column":11},"end":{"line":409,"column":null}},"type":"binary-expr","locations":[{"start":{"line":406,"column":11},"end":{"line":406,"column":null}},{"start":{"line":407,"column":12},"end":{"line":409,"column":null}}]},"17":{"loc":{"start":{"line":486,"column":7},"end":{"line":486,"column":28}},"type":"binary-expr","locations":[{"start":{"line":486,"column":7},"end":{"line":486,"column":28}}]}},"s":{"0":10,"1":1,"2":1,"3":1,"4":1,"5":1,"6":1,"7":1,"8":1,"9":1,"10":1,"11":1,"12":1,"13":1,"14":1,"15":1,"16":1,"17":1,"18":1,"19":1,"20":1,"21":1,"22":1,"23":1,"24":1,"25":1,"26":46,"27":184,"28":46,"29":1,"30":1,"31":1,"32":47,"33":46,"34":46,"35":46,"36":46,"37":46,"38":46,"39":46,"40":46,"41":46,"42":46,"43":46,"44":46,"45":46,"46":46,"47":46,"48":46,"49":10,"50":10,"51":10,"52":10,"53":10,"54":10,"55":10,"56":20,"57":10,"58":0,"59":10,"60":10,"61":46,"62":21,"63":10,"64":11,"65":22,"66":40,"67":11,"68":4,"69":11,"70":11,"71":46,"72":22,"73":19,"74":3,"75":6,"76":3,"77":46,"78":22,"79":22,"80":3,"81":6,"82":3,"83":22,"84":2,"85":1,"86":12,"87":0,"88":0,"89":1,"90":1,"91":1},"f":{"0":46,"1":184,"2":47,"3":10,"4":10,"5":20,"6":21,"7":22,"8":40,"9":4,"10":22,"11":6,"12":22,"13":22,"14":6,"15":2,"16":1,"17":12,"18":0,"19":0,"20":1},"b":{"0":[46,0],"1":[10],"2":[0,20],"3":[20,0],"4":[10],"5":[40,4],"6":[11,9],"7":[19],"8":[22,12],"9":[3],"10":[22,12],"11":[26],"12":[26,0],"13":[26,0],"14":[26],"15":[26,22],"16":[46,0],"17":[46]}}
,"/home/genna/yc/the-grid-2/src/app/[lng]/insights/uwi2024/page.tsx": {"path":"/home/genna/yc/the-grid-2/src/app/[lng]/insights/uwi2024/page.tsx","statementMap":{"0":{"start":{"line":159,"column":0},"end":{"line":159,"column":15}},"1":{"start":{"line":3,"column":23},"end":{"line":3,"column":null}},"2":{"start":{"line":4,"column":25},"end":{"line":4,"column":null}},"3":{"start":{"line":5,"column":22},"end":{"line":5,"column":null}},"4":{"start":{"line":6,"column":20},"end":{"line":6,"column":null}},"5":{"start":{"line":7,"column":27},"end":{"line":7,"column":null}},"6":{"start":{"line":8,"column":20},"end":{"line":8,"column":null}},"7":{"start":{"line":9,"column":30},"end":{"line":9,"column":null}},"8":{"start":{"line":10,"column":44},"end":{"line":10,"column":null}},"9":{"start":{"line":11,"column":24},"end":{"line":11,"column":null}},"10":{"start":{"line":13,"column":17},"end":{"line":13,"column":null}},"11":{"start":{"line":14,"column":26},"end":{"line":14,"column":null}},"12":{"start":{"line":15,"column":44},"end":{"line":15,"column":null}},"13":{"start":{"line":16,"column":22},"end":{"line":16,"column":null}},"14":{"start":{"line":17,"column":19},"end":{"line":17,"column":null}},"15":{"start":{"line":28,"column":0},"end":{"line":30,"column":null}},"16":{"start":{"line":32,"column":14},"end":{"line":157,"column":null}},"17":{"start":{"line":33,"column":18},"end":{"line":33,"column":null}},"18":{"start":{"line":34,"column":16},"end":{"line":34,"column":null}},"19":{"start":{"line":36,"column":23},"end":{"line":36,"column":null}},"20":{"start":{"line":37,"column":20},"end":{"line":37,"column":null}},"21":{"start":{"line":38,"column":42},"end":{"line":45,"column":null}},"22":{"start":{"line":159,"column":15},"end":{"line":159,"column":null}}},"fnMap":{"0":{"name":"(anonymous_2)","decl":{"start":{"line":32,"column":14},"end":{"line":32,"column":null}},"loc":{"start":{"line":32,"column":14},"end":{"line":157,"column":null}}}},"branchMap":{"0":{"loc":{"start":{"line":146,"column":7},"end":{"line":146,"column":28}},"type":"binary-expr","locations":[{"start":{"line":146,"column":7},"end":{"line":146,"column":28}}]}},"s":{"0":5,"1":1,"2":1,"3":1,"4":1,"5":1,"6":1,"7":1,"8":1,"9":1,"10":1,"11":1,"12":1,"13":1,"14":1,"15":1,"16":1,"17":6,"18":6,"19":6,"20":6,"21":6,"22":1},"f":{"0":6},"b":{"0":[6]}}
,"/home/genna/yc/the-grid-2/src/app/components/Drawer.tsx": {"path":"/home/genna/yc/the-grid-2/src/app/components/Drawer.tsx","statementMap":{"0":{"start":{"line":201,"column":0},"end":{"line":201,"column":15}},"1":{"start":{"line":1,"column":30},"end":{"line":1,"column":null}},"2":{"start":{"line":2,"column":21},"end":{"line":2,"column":null}},"3":{"start":{"line":3,"column":23},"end":{"line":3,"column":null}},"4":{"start":{"line":4,"column":51},"end":{"line":4,"column":null}},"5":{"start":{"line":5,"column":34},"end":{"line":5,"column":null}},"6":{"start":{"line":6,"column":19},"end":{"line":6,"column":null}},"7":{"start":{"line":22,"column":24},"end":{"line":50,"column":1}},"8":{"start":{"line":28,"column":34},"end":{"line":28,"column":68}},"9":{"start":{"line":32,"column":34},"end":{"line":32,"column":44}},"10":{"start":{"line":46,"column":4},"end":{"line":48,"column":50}},"11":{"start":{"line":52,"column":16},"end":{"line":63,"column":1}},"12":{"start":{"line":53,"column":30},"end":{"line":53,"column":57}},"13":{"start":{"line":62,"column":30},"end":{"line":62,"column":46}},"14":{"start":{"line":65,"column":12},"end":{"line":89,"column":1}},"15":{"start":{"line":70,"column":34},"end":{"line":70,"column":68}},"16":{"start":{"line":75,"column":40},"end":{"line":75,"column":78}},"17":{"start":{"line":91,"column":38},"end":{"line":199,"column":null}},"18":{"start":{"line":104,"column":20},"end":{"line":104,"column":null}},"19":{"start":{"line":105,"column":17},"end":{"line":105,"column":null}},"20":{"start":{"line":106,"column":36},"end":{"line":106,"column":null}},"21":{"start":{"line":107,"column":20},"end":{"line":107,"column":null}},"22":{"start":{"line":110,"column":2},"end":{"line":114,"column":null}},"23":{"start":{"line":111,"column":4},"end":{"line":113,"column":null}},"24":{"start":{"line":112,"column":6},"end":{"line":112,"column":null}},"25":{"start":{"line":117,"column":2},"end":{"line":132,"column":null}},"26":{"start":{"line":118,"column":4},"end":{"line":131,"column":null}},"27":{"start":{"line":119,"column":29},"end":{"line":124,"column":null}},"28":{"start":{"line":120,"column":8},"end":{"line":123,"column":null}},"29":{"start":{"line":121,"column":29},"end":{"line":121,"column":null}},"30":{"start":{"line":122,"column":10},"end":{"line":122,"column":42}},"31":{"start":{"line":126,"column":6},"end":{"line":126,"column":null}},"32":{"start":{"line":128,"column":6},"end":{"line":130,"column":null}},"33":{"start":{"line":129,"column":8},"end":{"line":129,"column":null}},"34":{"start":{"line":134,"column":2},"end":{"line":159,"column":null}},"35":{"start":{"line":135,"column":31},"end":{"line":146,"column":null}},"36":{"start":{"line":136,"column":6},"end":{"line":136,"column":null}},"37":{"start":{"line":136,"column":26},"end":{"line":136,"column":null}},"38":{"start":{"line":137,"column":6},"end":{"line":145,"column":null}},"39":{"start":{"line":144,"column":8},"end":{"line":144,"column":null}},"40":{"start":{"line":148,"column":4},"end":{"line":155,"column":null}},"41":{"start":{"line":149,"column":6},"end":{"line":149,"column":null}},"42":{"start":{"line":151,"column":6},"end":{"line":154,"column":null}},"43":{"start":{"line":152,"column":27},"end":{"line":152,"column":null}},"44":{"start":{"line":153,"column":8},"end":{"line":153,"column":40}},"45":{"start":{"line":156,"column":4},"end":{"line":158,"column":null}},"46":{"start":{"line":157,"column":6},"end":{"line":157,"column":null}},"47":{"start":{"line":181,"column":12},"end":{"line":185,"column":null}},"48":{"start":{"line":201,"column":15},"end":{"line":201,"column":null}}},"fnMap":{"0":{"name":"(anonymous_5)","decl":{"start":{"line":28,"column":14},"end":{"line":28,"column":15}},"loc":{"start":{"line":28,"column":34},"end":{"line":28,"column":68}}},"1":{"name":"(anonymous_6)","decl":{"start":{"line":32,"column":15},"end":{"line":32,"column":16}},"loc":{"start":{"line":32,"column":34},"end":{"line":32,"column":44}}},"2":{"name":"(anonymous_7)","decl":{"start":{"line":45,"column":15},"end":{"line":45,"column":16}},"loc":{"start":{"line":46,"column":4},"end":{"line":48,"column":50}}},"3":{"name":"(anonymous_8)","decl":{"start":{"line":53,"column":13},"end":{"line":53,"column":14}},"loc":{"start":{"line":53,"column":30},"end":{"line":53,"column":57}}},"4":{"name":"(anonymous_9)","decl":{"start":{"line":62,"column":13},"end":{"line":62,"column":14}},"loc":{"start":{"line":62,"column":30},"end":{"line":62,"column":46}}},"5":{"name":"(anonymous_10)","decl":{"start":{"line":70,"column":14},"end":{"line":70,"column":15}},"loc":{"start":{"line":70,"column":34},"end":{"line":70,"column":68}}},"6":{"name":"(anonymous_11)","decl":{"start":{"line":75,"column":11},"end":{"line":75,"column":12}},"loc":{"start":{"line":75,"column":40},"end":{"line":75,"column":78}}},"7":{"name":"(anonymous_12)","decl":{"start":{"line":91,"column":38},"end":{"line":91,"column":39}},"loc":{"start":{"line":103,"column":1},"end":{"line":199,"column":null}}},"8":{"name":"(anonymous_13)","decl":{"start":{"line":110,"column":12},"end":{"line":110,"column":null}},"loc":{"start":{"line":110,"column":12},"end":{"line":114,"column":5}}},"9":{"name":"(anonymous_14)","decl":{"start":{"line":117,"column":12},"end":{"line":117,"column":null}},"loc":{"start":{"line":117,"column":12},"end":{"line":132,"column":5}}},"10":{"name":"(anonymous_15)","decl":{"start":{"line":119,"column":48},"end":{"line":119,"column":null}},"loc":{"start":{"line":119,"column":48},"end":{"line":124,"column":null}}},"11":{"name":"(anonymous_16)","decl":{"start":{"line":128,"column":13},"end":{"line":128,"column":null}},"loc":{"start":{"line":128,"column":13},"end":{"line":130,"column":null}}},"12":{"name":"(anonymous_17)","decl":{"start":{"line":134,"column":12},"end":{"line":134,"column":null}},"loc":{"start":{"line":134,"column":12},"end":{"line":159,"column":5}}},"13":{"name":"(anonymous_18)","decl":{"start":{"line":135,"column":31},"end":{"line":135,"column":32}},"loc":{"start":{"line":135,"column":32},"end":{"line":146,"column":null}}},"14":{"name":"(anonymous_19)","decl":{"start":{"line":156,"column":11},"end":{"line":156,"column":null}},"loc":{"start":{"line":156,"column":11},"end":{"line":158,"column":null}}},"15":{"name":"(anonymous_20)","decl":{"start":{"line":180,"column":39},"end":{"line":180,"column":40}},"loc":{"start":{"line":181,"column":12},"end":{"line":185,"column":null}}}},"branchMap":{"0":{"loc":{"start":{"line":28,"column":34},"end":{"line":28,"column":68}},"type":"cond-expr","locations":[{"start":{"line":28,"column":46},"end":{"line":28,"column":59}},{"start":{"line":28,"column":59},"end":{"line":28,"column":68}}]},"1":{"loc":{"start":{"line":46,"column":4},"end":{"line":48,"column":50}},"type":"cond-expr","locations":[{"start":{"line":47,"column":8},"end":{"line":47,"column":49}},{"start":{"line":48,"column":8},"end":{"line":48,"column":50}}]},"2":{"loc":{"start":{"line":53,"column":30},"end":{"line":53,"column":57}},"type":"cond-expr","locations":[{"start":{"line":53,"column":39},"end":{"line":53,"column":49}},{"start":{"line":53,"column":49},"end":{"line":53,"column":57}}]},"3":{"loc":{"start":{"line":62,"column":30},"end":{"line":62,"column":46}},"type":"cond-expr","locations":[{"start":{"line":62,"column":39},"end":{"line":62,"column":43}},{"start":{"line":62,"column":43},"end":{"line":62,"column":46}}]},"4":{"loc":{"start":{"line":70,"column":34},"end":{"line":70,"column":68}},"type":"cond-expr","locations":[{"start":{"line":70,"column":46},"end":{"line":70,"column":59}},{"start":{"line":70,"column":59},"end":{"line":70,"column":68}}]},"5":{"loc":{"start":{"line":100,"column":2},"end":{"line":100,"column":15}},"type":"default-arg","locations":[{"start":{"line":100,"column":14},"end":{"line":100,"column":15}}]},"6":{"loc":{"start":{"line":101,"column":2},"end":{"line":101,"column":23}},"type":"default-arg","locations":[{"start":{"line":101,"column":7},"end":{"line":101,"column":23}}]},"7":{"loc":{"start":{"line":102,"column":2},"end":{"line":102,"column":15}},"type":"default-arg","locations":[{"start":{"line":102,"column":13},"end":{"line":102,"column":15}}]},"8":{"loc":{"start":{"line":111,"column":4},"end":{"line":113,"column":null}},"type":"if","locations":[{"start":{"line":111,"column":4},"end":{"line":113,"column":null}}]},"9":{"loc":{"start":{"line":111,"column":8},"end":{"line":111,"column":35}},"type":"binary-expr","locations":[{"start":{"line":111,"column":8},"end":{"line":111,"column":18}},{"start":{"line":111,"column":18},"end":{"line":111,"column":35}}]},"10":{"loc":{"start":{"line":118,"column":4},"end":{"line":131,"column":null}},"type":"if","locations":[{"start":{"line":118,"column":4},"end":{"line":131,"column":null}}]},"11":{"loc":{"start":{"line":120,"column":8},"end":{"line":123,"column":null}},"type":"if","locations":[{"start":{"line":120,"column":8},"end":{"line":123,"column":null}}]},"12":{"loc":{"start":{"line":136,"column":6},"end":{"line":136,"column":null}},"type":"if","locations":[{"start":{"line":136,"column":6},"end":{"line":136,"column":null}}]},"13":{"loc":{"start":{"line":137,"column":6},"end":{"line":145,"column":null}},"type":"if","locations":[{"start":{"line":137,"column":6},"end":{"line":145,"column":null}}]},"14":{"loc":{"start":{"line":138,"column":8},"end":{"line":142,"column":55}},"type":"binary-expr","locations":[{"start":{"line":138,"column":8},"end":{"line":138,"column":null}},{"start":{"line":139,"column":8},"end":{"line":139,"column":25}},{"start":{"line":140,"column":8},"end":{"line":140,"column":22}},{"start":{"line":141,"column":8},"end":{"line":141,"column":null}},{"start":{"line":142,"column":8},"end":{"line":142,"column":55}}]},"15":{"loc":{"start":{"line":148,"column":4},"end":{"line":155,"column":null}},"type":"if","locations":[{"start":{"line":148,"column":4},"end":{"line":155,"column":null}}]},"16":{"loc":{"start":{"line":151,"column":6},"end":{"line":154,"column":null}},"type":"if","locations":[{"start":{"line":151,"column":6},"end":{"line":154,"column":null}}]},"17":{"loc":{"start":{"line":163,"column":7},"end":{"line":163,"column":null}},"type":"binary-expr","locations":[{"start":{"line":163,"column":7},"end":{"line":163,"column":null}}]},"18":{"loc":{"start":{"line":176,"column":19},"end":{"line":176,"column":null}},"type":"binary-expr","locations":[{"start":{"line":176,"column":19},"end":{"line":176,"column":31}},{"start":{"line":176,"column":31},"end":{"line":176,"column":null}}]},"19":{"loc":{"start":{"line":179,"column":9},"end":{"line":185,"column":null}},"type":"binary-expr","locations":[{"start":{"line":179,"column":9},"end":{"line":179,"column":null}},{"start":{"line":180,"column":10},"end":{"line":185,"column":null}}]},"20":{"loc":{"start":{"line":181,"column":12},"end":{"line":185,"column":null}},"type":"cond-expr","locations":[{"start":{"line":182,"column":16},"end":{"line":184,"column":null}},{"start":{"line":185,"column":16},"end":{"line":185,"column":null}}]},"21":{"loc":{"start":{"line":190,"column":19},"end":{"line":190,"column":null}},"type":"binary-expr","locations":[{"start":{"line":190,"column":19},"end":{"line":190,"column":31}},{"start":{"line":190,"column":31},"end":{"line":190,"column":null}}]},"22":{"loc":{"start":{"line":192,"column":17},"end":{"line":192,"column":null}},"type":"cond-expr","locations":[{"start":{"line":192,"column":26},"end":{"line":192,"column":38}},{"start":{"line":192,"column":38},"end":{"line":192,"column":null}}]},"23":{"loc":{"start":{"line":193,"column":17},"end":{"line":193,"column":null}},"type":"cond-expr","locations":[{"start":{"line":193,"column":26},"end":{"line":193,"column":36}},{"start":{"line":193,"column":36},"end":{"line":193,"column":null}}]},"24":{"loc":{"start":{"line":195,"column":26},"end":{"line":195,"column":null}},"type":"cond-expr","locations":[{"start":{"line":195,"column":35},"end":{"line":195,"column":45}},{"start":{"line":195,"column":45},"end":{"line":195,"column":null}}]},"25":{"loc":{"start":{"line":195,"column":45},"end":{"line":195,"column":null}},"type":"binary-expr","locations":[{"start":{"line":195,"column":45},"end":{"line":195,"column":56}},{"start":{"line":195,"column":56},"end":{"line":195,"column":null}}]}},"s":{"0":46,"1":1,"2":1,"3":1,"4":1,"5":1,"6":1,"7":1,"8":46,"9":46,"10":46,"11":1,"12":46,"13":46,"14":1,"15":46,"16":46,"17":1,"18":46,"19":46,"20":46,"21":46,"22":46,"23":10,"24":0,"25":46,"26":10,"27":10,"28":10,"29":10,"30":10,"31":10,"32":10,"33":10,"34":46,"35":10,"36":0,"37":0,"38":0,"39":0,"40":10,"41":0,"42":0,"43":0,"44":0,"45":10,"46":10,"47":46,"48":1},"f":{"0":46,"1":46,"2":46,"3":46,"4":46,"5":46,"6":46,"7":46,"8":10,"9":10,"10":10,"11":10,"12":10,"13":0,"14":10,"15":46},"b":{"0":[0,46],"1":[0,46],"2":[0,46],"3":[0,46],"4":[0,46],"5":[46],"6":[46],"7":[46],"8":[0],"9":[10,0],"10":[10],"11":[10],"12":[0],"13":[0],"14":[0,0,0,0,0],"15":[0],"16":[0],"17":[46],"18":[46,46],"19":[46,46],"20":[46,0],"21":[46,46],"22":[0,46],"23":[0,46],"24":[0,46],"25":[46,0]}}
,"/home/genna/yc/the-grid-2/src/app/components/dataviz/BarChartGeneral.tsx": {"path":"/home/genna/yc/the-grid-2/src/app/components/dataviz/BarChartGeneral.tsx","statementMap":{"0":{"start":{"line":244,"column":0},"end":{"line":244,"column":15}},"1":{"start":{"line":3,"column":25},"end":{"line":3,"column":null}},"2":{"start":{"line":4,"column":34},"end":{"line":4,"column":null}},"3":{"start":{"line":5,"column":20},"end":{"line":5,"column":null}},"4":{"start":{"line":6,"column":14},"end":{"line":6,"column":null}},"5":{"start":{"line":7,"column":55},"end":{"line":7,"column":null}},"6":{"start":{"line":8,"column":19},"end":{"line":8,"column":null}},"7":{"start":{"line":9,"column":22},"end":{"line":9,"column":null}},"8":{"start":{"line":10,"column":22},"end":{"line":10,"column":null}},"9":{"start":{"line":42,"column":23},"end":{"line":45,"column":1}},"10":{"start":{"line":47,"column":15},"end":{"line":54,"column":null}},"11":{"start":{"line":56,"column":42},"end":{"line":242,"column":null}},"12":{"start":{"line":62,"column":14},"end":{"line":62,"column":null}},"13":{"start":{"line":63,"column":17},"end":{"line":63,"column":null}},"14":{"start":{"line":64,"column":38},"end":{"line":64,"column":null}},"15":{"start":{"line":65,"column":17},"end":{"line":65,"column":null}},"16":{"start":{"line":66,"column":19},"end":{"line":66,"column":null}},"17":{"start":{"line":67,"column":48},"end":{"line":67,"column":null}},"18":{"start":{"line":68,"column":38},"end":{"line":68,"column":null}},"19":{"start":{"line":69,"column":52},"end":{"line":69,"column":null}},"20":{"start":{"line":70,"column":44},"end":{"line":70,"column":null}},"21":{"start":{"line":71,"column":38},"end":{"line":71,"column":null}},"22":{"start":{"line":72,"column":23},"end":{"line":72,"column":null}},"23":{"start":{"line":73,"column":28},"end":{"line":73,"column":null}},"24":{"start":{"line":75,"column":2},"end":{"line":82,"column":null}},"25":{"start":{"line":76,"column":4},"end":{"line":81,"column":null}},"26":{"start":{"line":77,"column":28},"end":{"line":77,"column":null}},"27":{"start":{"line":78,"column":6},"end":{"line":80,"column":null}},"28":{"start":{"line":79,"column":8},"end":{"line":79,"column":null}},"29":{"start":{"line":85,"column":2},"end":{"line":103,"column":null}},"30":{"start":{"line":86,"column":4},"end":{"line":86,"column":null}},"31":{"start":{"line":86,"column":15},"end":{"line":86,"column":null}},"32":{"start":{"line":87,"column":20},"end":{"line":87,"column":null}},"33":{"start":{"line":87,"column":51},"end":{"line":87,"column":62}},"34":{"start":{"line":88,"column":4},"end":{"line":88,"column":null}},"35":{"start":{"line":89,"column":4},"end":{"line":89,"column":null}},"36":{"start":{"line":90,"column":26},"end":{"line":90,"column":null}},"37":{"start":{"line":91,"column":4},"end":{"line":93,"column":65}},"38":{"start":{"line":92,"column":6},"end":{"line":92,"column":null}},"39":{"start":{"line":93,"column":11},"end":{"line":93,"column":65}},"40":{"start":{"line":96,"column":22},"end":{"line":96,"column":null}},"41":{"start":{"line":98,"column":4},"end":{"line":102,"column":null}},"42":{"start":{"line":100,"column":34},"end":{"line":100,"column":null}},"43":{"start":{"line":101,"column":6},"end":{"line":101,"column":null}},"44":{"start":{"line":102,"column":11},"end":{"line":102,"column":null}},"45":{"start":{"line":106,"column":2},"end":{"line":112,"column":null}},"46":{"start":{"line":107,"column":4},"end":{"line":107,"column":null}},"47":{"start":{"line":107,"column":35},"end":{"line":107,"column":null}},"48":{"start":{"line":108,"column":35},"end":{"line":109,"column":null}},"49":{"start":{"line":109,"column":6},"end":{"line":109,"column":null}},"50":{"start":{"line":111,"column":4},"end":{"line":111,"column":null}},"51":{"start":{"line":114,"column":2},"end":{"line":215,"column":null}},"52":{"start":{"line":115,"column":4},"end":{"line":116,"column":null}},"53":{"start":{"line":116,"column":6},"end":{"line":116,"column":null}},"54":{"start":{"line":118,"column":16},"end":{"line":122,"column":null}},"55":{"start":{"line":122,"column":30},"end":{"line":122,"column":null}},"56":{"start":{"line":124,"column":4},"end":{"line":124,"column":33}},"57":{"start":{"line":127,"column":19},"end":{"line":131,"column":null}},"58":{"start":{"line":129,"column":47},"end":{"line":129,"column":65}},"59":{"start":{"line":133,"column":19},"end":{"line":137,"column":null}},"60":{"start":{"line":139,"column":23},"end":{"line":139,"column":null}},"61":{"start":{"line":143,"column":4},"end":{"line":154,"column":null}},"62":{"start":{"line":151,"column":29},"end":{"line":151,"column":36}},"63":{"start":{"line":157,"column":4},"end":{"line":166,"column":null}},"64":{"start":{"line":169,"column":4},"end":{"line":182,"column":null}},"65":{"start":{"line":177,"column":19},"end":{"line":177,"column":null}},"66":{"start":{"line":185,"column":4},"end":{"line":214,"column":null}},"67":{"start":{"line":192,"column":24},"end":{"line":192,"column":null}},"68":{"start":{"line":195,"column":27},"end":{"line":195,"column":null}},"69":{"start":{"line":197,"column":8},"end":{"line":200,"column":null}},"70":{"start":{"line":203,"column":8},"end":{"line":206,"column":null}},"71":{"start":{"line":209,"column":8},"end":{"line":209,"column":null}},"72":{"start":{"line":209,"column":31},"end":{"line":209,"column":null}},"73":{"start":{"line":213,"column":23},"end":{"line":213,"column":null}},"74":{"start":{"line":214,"column":28},"end":{"line":214,"column":null}},"75":{"start":{"line":244,"column":15},"end":{"line":244,"column":null}}},"fnMap":{"0":{"name":"(anonymous_5)","decl":{"start":{"line":56,"column":42},"end":{"line":56,"column":43}},"loc":{"start":{"line":61,"column":1},"end":{"line":242,"column":null}}},"1":{"name":"(anonymous_6)","decl":{"start":{"line":75,"column":12},"end":{"line":75,"column":null}},"loc":{"start":{"line":75,"column":12},"end":{"line":82,"column":5}}},"2":{"name":"(anonymous_7)","decl":{"start":{"line":85,"column":12},"end":{"line":85,"column":null}},"loc":{"start":{"line":85,"column":12},"end":{"line":103,"column":5}}},"3":{"name":"(anonymous_8)","decl":{"start":{"line":87,"column":44},"end":{"line":87,"column":45}},"loc":{"start":{"line":87,"column":51},"end":{"line":87,"column":62}}},"4":{"name":"(anonymous_9)","decl":{"start":{"line":106,"column":12},"end":{"line":106,"column":null}},"loc":{"start":{"line":106,"column":12},"end":{"line":112,"column":5}}},"5":{"name":"(anonymous_10)","decl":{"start":{"line":108,"column":47},"end":{"line":108,"column":48}},"loc":{"start":{"line":109,"column":6},"end":{"line":109,"column":null}}},"6":{"name":"(anonymous_11)","decl":{"start":{"line":114,"column":12},"end":{"line":114,"column":null}},"loc":{"start":{"line":114,"column":12},"end":{"line":215,"column":5}}},"7":{"name":"(anonymous_12)","decl":{"start":{"line":122,"column":24},"end":{"line":122,"column":30}},"loc":{"start":{"line":122,"column":30},"end":{"line":122,"column":null}}},"8":{"name":"(anonymous_13)","decl":{"start":{"line":129,"column":40},"end":{"line":129,"column":41}},"loc":{"start":{"line":129,"column":47},"end":{"line":129,"column":65}}},"9":{"name":"(anonymous_14)","decl":{"start":{"line":151,"column":22},"end":{"line":151,"column":23}},"loc":{"start":{"line":151,"column":29},"end":{"line":151,"column":36}}},"10":{"name":"(anonymous_15)","decl":{"start":{"line":177,"column":12},"end":{"line":177,"column":13}},"loc":{"start":{"line":177,"column":19},"end":{"line":177,"column":null}}},"11":{"name":"(anonymous_16)","decl":{"start":{"line":192,"column":17},"end":{"line":192,"column":18}},"loc":{"start":{"line":192,"column":24},"end":{"line":192,"column":null}}},"12":{"name":"(anonymous_17)","decl":{"start":{"line":195,"column":20},"end":{"line":195,"column":21}},"loc":{"start":{"line":195,"column":27},"end":{"line":195,"column":null}}},"13":{"name":"(anonymous_18)","decl":{"start":{"line":196,"column":23},"end":{"line":196,"column":24}},"loc":{"start":{"line":196,"column":31},"end":{"line":201,"column":null}}},"14":{"name":"(anonymous_19)","decl":{"start":{"line":202,"column":23},"end":{"line":202,"column":24}},"loc":{"start":{"line":202,"column":31},"end":{"line":207,"column":null}}},"15":{"name":"(anonymous_20)","decl":{"start":{"line":208,"column":22},"end":{"line":208,"column":null}},"loc":{"start":{"line":208,"column":22},"end":{"line":210,"column":null}}},"16":{"name":"(anonymous_21)","decl":{"start":{"line":209,"column":24},"end":{"line":209,"column":31}},"loc":{"start":{"line":209,"column":31},"end":{"line":209,"column":null}}},"17":{"name":"(anonymous_22)","decl":{"start":{"line":213,"column":13},"end":{"line":213,"column":14}},"loc":{"start":{"line":213,"column":23},"end":{"line":213,"column":null}}},"18":{"name":"(anonymous_23)","decl":{"start":{"line":214,"column":21},"end":{"line":214,"column":22}},"loc":{"start":{"line":214,"column":28},"end":{"line":214,"column":null}}}},"branchMap":{"0":{"loc":{"start":{"line":76,"column":4},"end":{"line":81,"column":null}},"type":"if","locations":[{"start":{"line":76,"column":4},"end":{"line":81,"column":null}}]},"1":{"loc":{"start":{"line":76,"column":8},"end":{"line":76,"column":57}},"type":"binary-expr","locations":[{"start":{"line":76,"column":8},"end":{"line":76,"column":41}},{"start":{"line":76,"column":41},"end":{"line":76,"column":57}}]},"2":{"loc":{"start":{"line":78,"column":6},"end":{"line":80,"column":null}},"type":"if","locations":[{"start":{"line":78,"column":6},"end":{"line":80,"column":null}}]},"3":{"loc":{"start":{"line":86,"column":4},"end":{"line":86,"column":null}},"type":"if","locations":[{"start":{"line":86,"column":4},"end":{"line":86,"column":null}}]},"4":{"loc":{"start":{"line":87,"column":28},"end":{"line":87,"column":37}},"type":"binary-expr","locations":[{"start":{"line":87,"column":28},"end":{"line":87,"column":36}},{"start":{"line":87,"column":36},"end":{"line":87,"column":37}}]},"5":{"loc":{"start":{"line":91,"column":4},"end":{"line":93,"column":65}},"type":"if","locations":[{"start":{"line":91,"column":4},"end":{"line":93,"column":65}},{"start":{"line":93,"column":11},"end":{"line":93,"column":65}}]},"6":{"loc":{"start":{"line":91,"column":8},"end":{"line":91,"column":51}},"type":"binary-expr","locations":[{"start":{"line":91,"column":8},"end":{"line":91,"column":25}},{"start":{"line":91,"column":25},"end":{"line":91,"column":51}}]},"7":{"loc":{"start":{"line":98,"column":4},"end":{"line":102,"column":null}},"type":"if","locations":[{"start":{"line":98,"column":4},"end":{"line":102,"column":null}},{"start":{"line":102,"column":11},"end":{"line":102,"column":null}}]},"8":{"loc":{"start":{"line":107,"column":4},"end":{"line":107,"column":null}},"type":"if","locations":[{"start":{"line":107,"column":4},"end":{"line":107,"column":null}}]},"9":{"loc":{"start":{"line":107,"column":8},"end":{"line":107,"column":35}},"type":"binary-expr","locations":[{"start":{"line":107,"column":8},"end":{"line":107,"column":17}},{"start":{"line":107,"column":17},"end":{"line":107,"column":35}}]},"10":{"loc":{"start":{"line":115,"column":4},"end":{"line":116,"column":null}},"type":"if","locations":[{"start":{"line":115,"column":4},"end":{"line":116,"column":null}}]},"11":{"loc":{"start":{"line":115,"column":8},"end":{"line":115,"column":null}},"type":"binary-expr","locations":[{"start":{"line":115,"column":8},"end":{"line":115,"column":20}},{"start":{"line":115,"column":24},"end":{"line":115,"column":42}},{"start":{"line":115,"column":42},"end":{"line":115,"column":62}},{"start":{"line":115,"column":62},"end":{"line":115,"column":72}},{"start":{"line":115,"column":72},"end":{"line":115,"column":null}}]},"12":{"loc":{"start":{"line":129,"column":18},"end":{"line":129,"column":74}},"type":"binary-expr","locations":[{"start":{"line":129,"column":18},"end":{"line":129,"column":70}},{"start":{"line":129,"column":70},"end":{"line":129,"column":74}}]},"13":{"loc":{"start":{"line":220,"column":8},"end":{"line":227,"column":null}},"type":"cond-expr","locations":[{"start":{"line":220,"column":8},"end":{"line":227,"column":null}}]},"14":{"loc":{"start":{"line":219,"column":7},"end":{"line":219,"column":null}},"type":"binary-expr","locations":[{"start":{"line":219,"column":7},"end":{"line":219,"column":17}},{"start":{"line":219,"column":17},"end":{"line":219,"column":null}}]},"15":{"loc":{"start":{"line":237,"column":11},"end":{"line":237,"column":24}},"type":"binary-expr","locations":[{"start":{"line":237,"column":11},"end":{"line":237,"column":24}}]}},"s":{"0":26,"1":1,"2":1,"3":1,"4":1,"5":1,"6":1,"7":1,"8":1,"9":1,"10":1,"11":1,"12":50,"13":50,"14":50,"15":50,"16":50,"17":50,"18":50,"19":50,"20":50,"21":50,"22":50,"23":50,"24":50,"25":9,"26":9,"27":9,"28":0,"29":50,"30":25,"31":0,"32":25,"33":3,"34":25,"35":25,"36":25,"37":25,"38":0,"39":25,"40":25,"41":25,"42":25,"43":25,"44":0,"45":50,"46":34,"47":0,"48":34,"49":5,"50":34,"51":50,"52":43,"53":0,"54":43,"55":0,"56":43,"57":43,"58":3,"59":43,"60":43,"61":43,"62":257,"63":43,"64":43,"65":5,"66":43,"67":3,"68":3,"69":0,"70":0,"71":0,"72":0,"73":3,"74":3,"75":1},"f":{"0":50,"1":9,"2":25,"3":3,"4":34,"5":5,"6":43,"7":0,"8":3,"9":257,"10":5,"11":3,"12":3,"13":0,"14":0,"15":0,"16":0,"17":3,"18":3},"b":{"0":[9],"1":[9,9],"2":[0],"3":[0],"4":[25,0],"5":[0,25],"6":[25,0],"7":[25,0],"8":[0],"9":[34,34],"10":[0],"11":[43,43,43,43,43],"12":[43,40],"13":[0],"14":[50,50],"15":[50]}}
,"/home/genna/yc/the-grid-2/src/app/components/dataviz/Clusters.tsx": {"path":"/home/genna/yc/the-grid-2/src/app/components/dataviz/Clusters.tsx","statementMap":{"0":{"start":{"line":365,"column":0},"end":{"line":365,"column":15}},"1":{"start":{"line":3,"column":30},"end":{"line":3,"column":null}},"2":{"start":{"line":11,"column":7},"end":{"line":11,"column":null}},"3":{"start":{"line":12,"column":29},"end":{"line":12,"column":null}},"4":{"start":{"line":13,"column":20},"end":{"line":13,"column":null}},"5":{"start":{"line":21,"column":7},"end":{"line":21,"column":null}},"6":{"start":{"line":22,"column":51},"end":{"line":22,"column":null}},"7":{"start":{"line":23,"column":19},"end":{"line":23,"column":null}},"8":{"start":{"line":24,"column":20},"end":{"line":24,"column":null}},"9":{"start":{"line":25,"column":19},"end":{"line":25,"column":null}},"10":{"start":{"line":61,"column":23},"end":{"line":64,"column":1}},"11":{"start":{"line":66,"column":26},"end":{"line":68,"column":1}},"12":{"start":{"line":70,"column":21},"end":{"line":74,"column":null}},"13":{"start":{"line":76,"column":41},"end":{"line":363,"column":null}},"14":{"start":{"line":86,"column":17},"end":{"line":86,"column":null}},"15":{"start":{"line":87,"column":32},"end":{"line":87,"column":null}},"16":{"start":{"line":88,"column":32},"end":{"line":88,"column":null}},"17":{"start":{"line":89,"column":38},"end":{"line":89,"column":null}},"18":{"start":{"line":90,"column":23},"end":{"line":90,"column":null}},"19":{"start":{"line":91,"column":38},"end":{"line":91,"column":null}},"20":{"start":{"line":92,"column":21},"end":{"line":92,"column":null}},"21":{"start":{"line":93,"column":23},"end":{"line":93,"column":null}},"22":{"start":{"line":94,"column":36},"end":{"line":94,"column":null}},"23":{"start":{"line":95,"column":16},"end":{"line":95,"column":null}},"24":{"start":{"line":97,"column":2},"end":{"line":147,"column":null}},"25":{"start":{"line":98,"column":20},"end":{"line":98,"column":null}},"26":{"start":{"line":100,"column":22},"end":{"line":115,"column":null}},"27":{"start":{"line":101,"column":6},"end":{"line":101,"column":null}},"28":{"start":{"line":101,"column":67},"end":{"line":101,"column":null}},"29":{"start":{"line":103,"column":6},"end":{"line":114,"column":null}},"30":{"start":{"line":104,"column":8},"end":{"line":104,"column":null}},"31":{"start":{"line":105,"column":31},"end":{"line":107,"column":17}},"32":{"start":{"line":108,"column":21},"end":{"line":108,"column":null}},"33":{"start":{"line":109,"column":8},"end":{"line":111,"column":null}},"34":{"start":{"line":110,"column":10},"end":{"line":110,"column":null}},"35":{"start":{"line":113,"column":8},"end":{"line":113,"column":null}},"36":{"start":{"line":117,"column":32},"end":{"line":138,"column":null}},"37":{"start":{"line":118,"column":6},"end":{"line":118,"column":null}},"38":{"start":{"line":118,"column":32},"end":{"line":118,"column":null}},"39":{"start":{"line":120,"column":21},"end":{"line":134,"column":null}},"40":{"start":{"line":121,"column":30},"end":{"line":121,"column":null}},"41":{"start":{"line":122,"column":8},"end":{"line":126,"column":null}},"42":{"start":{"line":123,"column":24},"end":{"line":123,"column":null}},"43":{"start":{"line":124,"column":25},"end":{"line":124,"column":null}},"44":{"start":{"line":125,"column":10},"end":{"line":125,"column":null}},"45":{"start":{"line":129,"column":8},"end":{"line":131,"column":null}},"46":{"start":{"line":130,"column":10},"end":{"line":130,"column":null}},"47":{"start":{"line":133,"column":8},"end":{"line":133,"column":null}},"48":{"start":{"line":135,"column":6},"end":{"line":137,"column":null}},"49":{"start":{"line":136,"column":8},"end":{"line":136,"column":null}},"50":{"start":{"line":140,"column":4},"end":{"line":140,"column":null}},"51":{"start":{"line":141,"column":4},"end":{"line":142,"column":null}},"52":{"start":{"line":142,"column":6},"end":{"line":142,"column":null}},"53":{"start":{"line":144,"column":4},"end":{"line":146,"column":null}},"54":{"start":{"line":145,"column":6},"end":{"line":145,"column":25}},"55":{"start":{"line":149,"column":2},"end":{"line":282,"column":null}},"56":{"start":{"line":150,"column":4},"end":{"line":150,"column":null}},"57":{"start":{"line":150,"column":54},"end":{"line":150,"column":null}},"58":{"start":{"line":152,"column":4},"end":{"line":152,"column":null}},"59":{"start":{"line":153,"column":22},"end":{"line":280,"column":null}},"60":{"start":{"line":154,"column":6},"end":{"line":279,"column":null}},"61":{"start":{"line":155,"column":21},"end":{"line":155,"column":43}},"62":{"start":{"line":157,"column":8},"end":{"line":157,"column":null}},"63":{"start":{"line":159,"column":20},"end":{"line":163,"column":null}},"64":{"start":{"line":166,"column":29},"end":{"line":167,"column":null}},"65":{"start":{"line":167,"column":17},"end":{"line":167,"column":null}},"66":{"start":{"line":171,"column":21},"end":{"line":171,"column":70}},"67":{"start":{"line":171,"column":49},"end":{"line":171,"column":57}},"68":{"start":{"line":172,"column":21},"end":{"line":172,"column":70}},"69":{"start":{"line":172,"column":49},"end":{"line":172,"column":57}},"70":{"start":{"line":174,"column":21},"end":{"line":174,"column":70}},"71":{"start":{"line":174,"column":49},"end":{"line":174,"column":57}},"72":{"start":{"line":175,"column":21},"end":{"line":175,"column":70}},"73":{"start":{"line":175,"column":49},"end":{"line":175,"column":57}},"74":{"start":{"line":178,"column":23},"end":{"line":181,"column":null}},"75":{"start":{"line":183,"column":23},"end":{"line":186,"column":null}},"76":{"start":{"line":188,"column":27},"end":{"line":191,"column":null}},"77":{"start":{"line":194,"column":28},"end":{"line":199,"column":null}},"78":{"start":{"line":196,"column":30},"end":{"line":196,"column":null}},"79":{"start":{"line":197,"column":30},"end":{"line":197,"column":null}},"80":{"start":{"line":201,"column":8},"end":{"line":210,"column":null}},"81":{"start":{"line":213,"column":8},"end":{"line":262,"column":null}},"82":{"start":{"line":218,"column":29},"end":{"line":218,"column":null}},"83":{"start":{"line":219,"column":29},"end":{"line":219,"column":null}},"84":{"start":{"line":221,"column":31},"end":{"line":221,"column":null}},"85":{"start":{"line":223,"column":12},"end":{"line":225,"column":null}},"86":{"start":{"line":224,"column":14},"end":{"line":224,"column":null}},"87":{"start":{"line":226,"column":12},"end":{"line":228,"column":null}},"88":{"start":{"line":227,"column":14},"end":{"line":227,"column":null}},"89":{"start":{"line":229,"column":12},"end":{"line":229,"column":null}},"90":{"start":{"line":232,"column":12},"end":{"line":232,"column":null}},"91":{"start":{"line":233,"column":25},"end":{"line":233,"column":36}},"92":{"start":{"line":234,"column":25},"end":{"line":234,"column":36}},"93":{"start":{"line":235,"column":12},"end":{"line":239,"column":null}},"94":{"start":{"line":242,"column":25},"end":{"line":242,"column":36}},"95":{"start":{"line":243,"column":25},"end":{"line":243,"column":36}},"96":{"start":{"line":244,"column":12},"end":{"line":247,"column":null}},"97":{"start":{"line":244,"column":51},"end":{"line":247,"column":null}},"98":{"start":{"line":250,"column":12},"end":{"line":250,"column":null}},"99":{"start":{"line":251,"column":12},"end":{"line":251,"column":null}},"100":{"start":{"line":254,"column":12},"end":{"line":254,"column":null}},"101":{"start":{"line":255,"column":12},"end":{"line":261,"column":null}},"102":{"start":{"line":256,"column":14},"end":{"line":256,"column":40}},"103":{"start":{"line":257,"column":14},"end":{"line":257,"column":null}},"104":{"start":{"line":259,"column":14},"end":{"line":259,"column":62}},"105":{"start":{"line":260,"column":14},"end":{"line":260,"column":null}},"106":{"start":{"line":264,"column":8},"end":{"line":266,"column":null}},"107":{"start":{"line":265,"column":10},"end":{"line":265,"column":36}},"108":{"start":{"line":268,"column":33},"end":{"line":268,"column":null}},"109":{"start":{"line":270,"column":30},"end":{"line":273,"column":null}},"110":{"start":{"line":270,"column":62},"end":{"line":273,"column":null}},"111":{"start":{"line":274,"column":8},"end":{"line":274,"column":null}},"112":{"start":{"line":276,"column":8},"end":{"line":278,"column":null}},"113":{"start":{"line":277,"column":10},"end":{"line":277,"column":null}},"114":{"start":{"line":281,"column":4},"end":{"line":281,"column":null}},"115":{"start":{"line":365,"column":15},"end":{"line":365,"column":null}}},"fnMap":{"0":{"name":"(anonymous_5)","decl":{"start":{"line":76,"column":41},"end":{"line":76,"column":42}},"loc":{"start":{"line":85,"column":1},"end":{"line":363,"column":null}}},"1":{"name":"(anonymous_6)","decl":{"start":{"line":97,"column":12},"end":{"line":97,"column":null}},"loc":{"start":{"line":97,"column":12},"end":{"line":147,"column":5}}},"2":{"name":"(anonymous_7)","decl":{"start":{"line":100,"column":22},"end":{"line":100,"column":29}},"loc":{"start":{"line":100,"column":29},"end":{"line":115,"column":null}}},"3":{"name":"(anonymous_8)","decl":{"start":{"line":117,"column":32},"end":{"line":117,"column":33}},"loc":{"start":{"line":117,"column":51},"end":{"line":138,"column":null}}},"4":{"name":"(anonymous_9)","decl":{"start":{"line":120,"column":44},"end":{"line":120,"column":45}},"loc":{"start":{"line":120,"column":45},"end":{"line":134,"column":null}}},"5":{"name":"(anonymous_10)","decl":{"start":{"line":122,"column":31},"end":{"line":122,"column":32}},"loc":{"start":{"line":122,"column":32},"end":{"line":126,"column":null}}},"6":{"name":"(anonymous_11)","decl":{"start":{"line":144,"column":11},"end":{"line":144,"column":null}},"loc":{"start":{"line":144,"column":11},"end":{"line":146,"column":null}}},"7":{"name":"(anonymous_12)","decl":{"start":{"line":149,"column":12},"end":{"line":149,"column":null}},"loc":{"start":{"line":149,"column":12},"end":{"line":282,"column":5}}},"8":{"name":"(anonymous_13)","decl":{"start":{"line":153,"column":22},"end":{"line":153,"column":null}},"loc":{"start":{"line":153,"column":22},"end":{"line":280,"column":null}}},"9":{"name":"(anonymous_14)","decl":{"start":{"line":167,"column":10},"end":{"line":167,"column":11}},"loc":{"start":{"line":167,"column":17},"end":{"line":167,"column":null}}},"10":{"name":"(anonymous_15)","decl":{"start":{"line":171,"column":42},"end":{"line":171,"column":43}},"loc":{"start":{"line":171,"column":49},"end":{"line":171,"column":57}}},"11":{"name":"(anonymous_16)","decl":{"start":{"line":172,"column":42},"end":{"line":172,"column":43}},"loc":{"start":{"line":172,"column":49},"end":{"line":172,"column":57}}},"12":{"name":"(anonymous_17)","decl":{"start":{"line":174,"column":42},"end":{"line":174,"column":43}},"loc":{"start":{"line":174,"column":49},"end":{"line":174,"column":57}}},"13":{"name":"(anonymous_18)","decl":{"start":{"line":175,"column":42},"end":{"line":175,"column":43}},"loc":{"start":{"line":175,"column":49},"end":{"line":175,"column":57}}},"14":{"name":"(anonymous_19)","decl":{"start":{"line":196,"column":13},"end":{"line":196,"column":14}},"loc":{"start":{"line":196,"column":30},"end":{"line":196,"column":null}}},"15":{"name":"(anonymous_20)","decl":{"start":{"line":197,"column":13},"end":{"line":197,"column":14}},"loc":{"start":{"line":197,"column":30},"end":{"line":197,"column":null}}},"16":{"name":"(anonymous_21)","decl":{"start":{"line":218,"column":22},"end":{"line":218,"column":23}},"loc":{"start":{"line":218,"column":29},"end":{"line":218,"column":null}}},"17":{"name":"(anonymous_22)","decl":{"start":{"line":219,"column":22},"end":{"line":219,"column":23}},"loc":{"start":{"line":219,"column":29},"end":{"line":219,"column":null}}},"18":{"name":"(anonymous_23)","decl":{"start":{"line":221,"column":24},"end":{"line":221,"column":25}},"loc":{"start":{"line":221,"column":31},"end":{"line":221,"column":null}}},"19":{"name":"(anonymous_24)","decl":{"start":{"line":222,"column":27},"end":{"line":222,"column":28}},"loc":{"start":{"line":222,"column":28},"end":{"line":230,"column":null}}},"20":{"name":"(anonymous_25)","decl":{"start":{"line":231,"column":27},"end":{"line":231,"column":28}},"loc":{"start":{"line":231,"column":35},"end":{"line":240,"column":null}}},"21":{"name":"(anonymous_26)","decl":{"start":{"line":241,"column":27},"end":{"line":241,"column":28}},"loc":{"start":{"line":241,"column":28},"end":{"line":248,"column":null}}},"22":{"name":"(anonymous_27)","decl":{"start":{"line":244,"column":28},"end":{"line":244,"column":29}},"loc":{"start":{"line":244,"column":51},"end":{"line":247,"column":null}}},"23":{"name":"(anonymous_28)","decl":{"start":{"line":249,"column":26},"end":{"line":249,"column":27}},"loc":{"start":{"line":249,"column":27},"end":{"line":252,"column":null}}},"24":{"name":"(anonymous_29)","decl":{"start":{"line":253,"column":23},"end":{"line":253,"column":24}},"loc":{"start":{"line":253,"column":31},"end":{"line":262,"column":null}}},"25":{"name":"(anonymous_30)","decl":{"start":{"line":264,"column":24},"end":{"line":264,"column":null}},"loc":{"start":{"line":264,"column":24},"end":{"line":266,"column":null}}},"26":{"name":"(anonymous_31)","decl":{"start":{"line":270,"column":51},"end":{"line":270,"column":52}},"loc":{"start":{"line":270,"column":62},"end":{"line":273,"column":null}}},"27":{"name":"(anonymous_32)","decl":{"start":{"line":276,"column":30},"end":{"line":276,"column":null}},"loc":{"start":{"line":276,"column":30},"end":{"line":278,"column":null}}}},"branchMap":{"0":{"loc":{"start":{"line":101,"column":6},"end":{"line":101,"column":null}},"type":"if","locations":[{"start":{"line":101,"column":6},"end":{"line":101,"column":null}}]},"1":{"loc":{"start":{"line":109,"column":8},"end":{"line":111,"column":null}},"type":"if","locations":[{"start":{"line":109,"column":8},"end":{"line":111,"column":null}}]},"2":{"loc":{"start":{"line":118,"column":6},"end":{"line":118,"column":null}},"type":"if","locations":[{"start":{"line":118,"column":6},"end":{"line":118,"column":null}}]},"3":{"loc":{"start":{"line":124,"column":25},"end":{"line":124,"column":null}},"type":"cond-expr","locations":[{"start":{"line":124,"column":44},"end":{"line":124,"column":52}},{"start":{"line":124,"column":55},"end":{"line":124,"column":null}}]},"4":{"loc":{"start":{"line":125,"column":24},"end":{"line":125,"column":73}},"type":"cond-expr","locations":[{"start":{"line":125,"column":51},"end":{"line":125,"column":60}},{"start":{"line":125,"column":63},"end":{"line":125,"column":73}}]},"5":{"loc":{"start":{"line":129,"column":8},"end":{"line":131,"column":null}},"type":"if","locations":[{"start":{"line":129,"column":8},"end":{"line":131,"column":null}}]},"6":{"loc":{"start":{"line":135,"column":6},"end":{"line":137,"column":null}},"type":"if","locations":[{"start":{"line":135,"column":6},"end":{"line":137,"column":null}}]},"7":{"loc":{"start":{"line":141,"column":4},"end":{"line":142,"column":null}},"type":"if","locations":[{"start":{"line":141,"column":4},"end":{"line":142,"column":null}}]},"8":{"loc":{"start":{"line":150,"column":4},"end":{"line":150,"column":null}},"type":"if","locations":[{"start":{"line":150,"column":4},"end":{"line":150,"column":null}}]},"9":{"loc":{"start":{"line":150,"column":8},"end":{"line":150,"column":52}},"type":"binary-expr","locations":[{"start":{"line":150,"column":8},"end":{"line":150,"column":18}},{"start":{"line":150,"column":18},"end":{"line":150,"column":29}},{"start":{"line":150,"column":29},"end":{"line":150,"column":52}}]},"10":{"loc":{"start":{"line":154,"column":6},"end":{"line":279,"column":null}},"type":"if","locations":[{"start":{"line":154,"column":6},"end":{"line":279,"column":null}}]},"11":{"loc":{"start":{"line":167,"column":17},"end":{"line":167,"column":null}},"type":"binary-expr","locations":[{"start":{"line":167,"column":17},"end":{"line":167,"column":48}},{"start":{"line":167,"column":48},"end":{"line":167,"column":null}}]},"12":{"loc":{"start":{"line":223,"column":12},"end":{"line":225,"column":null}},"type":"if","locations":[{"start":{"line":223,"column":12},"end":{"line":225,"column":null}}]},"13":{"loc":{"start":{"line":226,"column":12},"end":{"line":228,"column":null}},"type":"if","locations":[{"start":{"line":226,"column":12},"end":{"line":228,"column":null}}]},"14":{"loc":{"start":{"line":255,"column":12},"end":{"line":261,"column":null}},"type":"if","locations":[{"start":{"line":255,"column":12},"end":{"line":261,"column":null}},{"start":{"line":258,"column":19},"end":{"line":261,"column":null}}]},"15":{"loc":{"start":{"line":301,"column":47},"end":{"line":301,"column":null}},"type":"binary-expr","locations":[{"start":{"line":301,"column":47},"end":{"line":301,"column":59}},{"start":{"line":301,"column":59},"end":{"line":301,"column":null}}]}},"s":{"0":46,"1":1,"2":1,"3":1,"4":1,"5":1,"6":1,"7":1,"8":1,"9":1,"10":1,"11":1,"12":1,"13":1,"14":46,"15":46,"16":46,"17":46,"18":46,"19":46,"20":46,"21":46,"22":46,"23":46,"24":46,"25":10,"26":10,"27":10,"28":0,"29":10,"30":10,"31":10,"32":10,"33":0,"34":0,"35":10,"36":10,"37":0,"38":0,"39":0,"40":0,"41":0,"42":0,"43":0,"44":0,"45":0,"46":0,"47":0,"48":0,"49":0,"50":10,"51":10,"52":0,"53":10,"54":10,"55":46,"56":10,"57":10,"58":0,"59":0,"60":0,"61":0,"62":0,"63":0,"64":0,"65":0,"66":0,"67":0,"68":0,"69":0,"70":0,"71":0,"72":0,"73":0,"74":0,"75":0,"76":0,"77":0,"78":0,"79":0,"80":0,"81":0,"82":0,"83":0,"84":0,"85":0,"86":0,"87":0,"88":0,"89":0,"90":0,"91":0,"92":0,"93":0,"94":0,"95":0,"96":0,"97":0,"98":0,"99":0,"100":0,"101":0,"102":0,"103":0,"104":0,"105":0,"106":0,"107":0,"108":0,"109":0,"110":0,"111":0,"112":0,"113":0,"114":0,"115":1},"f":{"0":46,"1":10,"2":10,"3":0,"4":0,"5":0,"6":10,"7":10,"8":0,"9":0,"10":0,"11":0,"12":0,"13":0,"14":0,"15":0,"16":0,"17":0,"18":0,"19":0,"20":0,"21":0,"22":0,"23":0,"24":0,"25":0,"26":0,"27":0},"b":{"0":[0],"1":[0],"2":[0],"3":[0,0],"4":[0,0],"5":[0],"6":[0],"7":[0],"8":[10],"9":[10,10,10],"10":[0],"11":[0,0],"12":[0],"13":[0],"14":[0,0],"15":[46,46]}}
,"/home/genna/yc/the-grid-2/src/app/components/dataviz/Heatmap.tsx": {"path":"/home/genna/yc/the-grid-2/src/app/components/dataviz/Heatmap.tsx","statementMap":{"0":{"start":{"line":340,"column":0},"end":{"line":340,"column":15}},"1":{"start":{"line":3,"column":28},"end":{"line":3,"column":null}},"2":{"start":{"line":4,"column":29},"end":{"line":4,"column":null}},"3":{"start":{"line":5,"column":20},"end":{"line":5,"column":null}},"4":{"start":{"line":6,"column":55},"end":{"line":6,"column":null}},"5":{"start":{"line":7,"column":19},"end":{"line":7,"column":null}},"6":{"start":{"line":8,"column":27},"end":{"line":8,"column":null}},"7":{"start":{"line":34,"column":23},"end":{"line":37,"column":1}},"8":{"start":{"line":39,"column":21},"end":{"line":45,"column":null}},"9":{"start":{"line":40,"column":22},"end":{"line":40,"column":null}},"10":{"start":{"line":41,"column":2},"end":{"line":43,"column":null}},"11":{"start":{"line":42,"column":4},"end":{"line":42,"column":null}},"12":{"start":{"line":44,"column":2},"end":{"line":44,"column":null}},"13":{"start":{"line":48,"column":27},"end":{"line":56,"column":null}},"14":{"start":{"line":49,"column":12},"end":{"line":54,"column":null}},"15":{"start":{"line":50,"column":23},"end":{"line":50,"column":null}},"16":{"start":{"line":51,"column":4},"end":{"line":53,"column":null}},"17":{"start":{"line":55,"column":2},"end":{"line":55,"column":null}},"18":{"start":{"line":59,"column":27},"end":{"line":63,"column":null}},"19":{"start":{"line":60,"column":14},"end":{"line":60,"column":null}},"20":{"start":{"line":61,"column":20},"end":{"line":61,"column":null}},"21":{"start":{"line":62,"column":2},"end":{"line":62,"column":null}},"22":{"start":{"line":65,"column":40},"end":{"line":338,"column":null}},"23":{"start":{"line":71,"column":17},"end":{"line":71,"column":null}},"24":{"start":{"line":72,"column":14},"end":{"line":72,"column":null}},"25":{"start":{"line":73,"column":32},"end":{"line":73,"column":null}},"26":{"start":{"line":74,"column":32},"end":{"line":74,"column":null}},"27":{"start":{"line":75,"column":38},"end":{"line":76,"column":null}},"28":{"start":{"line":78,"column":17},"end":{"line":78,"column":null}},"29":{"start":{"line":79,"column":21},"end":{"line":79,"column":55}},"30":{"start":{"line":80,"column":22},"end":{"line":80,"column":57}},"31":{"start":{"line":82,"column":2},"end":{"line":124,"column":null}},"32":{"start":{"line":83,"column":20},"end":{"line":83,"column":null}},"33":{"start":{"line":85,"column":22},"end":{"line":99,"column":null}},"34":{"start":{"line":86,"column":6},"end":{"line":86,"column":null}},"35":{"start":{"line":86,"column":67},"end":{"line":86,"column":null}},"36":{"start":{"line":87,"column":6},"end":{"line":98,"column":null}},"37":{"start":{"line":88,"column":8},"end":{"line":88,"column":null}},"38":{"start":{"line":89,"column":31},"end":{"line":91,"column":17}},"39":{"start":{"line":92,"column":21},"end":{"line":92,"column":null}},"40":{"start":{"line":93,"column":8},"end":{"line":95,"column":null}},"41":{"start":{"line":94,"column":10},"end":{"line":94,"column":null}},"42":{"start":{"line":94,"column":32},"end":{"line":94,"column":null}},"43":{"start":{"line":97,"column":8},"end":{"line":97,"column":null}},"44":{"start":{"line":101,"column":32},"end":{"line":115,"column":null}},"45":{"start":{"line":102,"column":6},"end":{"line":102,"column":null}},"46":{"start":{"line":102,"column":32},"end":{"line":102,"column":null}},"47":{"start":{"line":103,"column":6},"end":{"line":103,"column":null}},"48":{"start":{"line":104,"column":21},"end":{"line":111,"column":null}},"49":{"start":{"line":105,"column":30},"end":{"line":109,"column":null}},"50":{"start":{"line":110,"column":8},"end":{"line":110,"column":null}},"51":{"start":{"line":112,"column":6},"end":{"line":114,"column":null}},"52":{"start":{"line":113,"column":8},"end":{"line":113,"column":null}},"53":{"start":{"line":113,"column":33},"end":{"line":113,"column":null}},"54":{"start":{"line":117,"column":4},"end":{"line":117,"column":null}},"55":{"start":{"line":118,"column":4},"end":{"line":119,"column":null}},"56":{"start":{"line":119,"column":6},"end":{"line":119,"column":null}},"57":{"start":{"line":121,"column":4},"end":{"line":123,"column":null}},"58":{"start":{"line":122,"column":6},"end":{"line":122,"column":25}},"59":{"start":{"line":126,"column":2},"end":{"line":328,"column":null}},"60":{"start":{"line":127,"column":4},"end":{"line":127,"column":null}},"61":{"start":{"line":127,"column":54},"end":{"line":127,"column":null}},"62":{"start":{"line":128,"column":4},"end":{"line":315,"column":null}},"63":{"start":{"line":129,"column":19},"end":{"line":129,"column":41}},"64":{"start":{"line":130,"column":33},"end":{"line":132,"column":null}},"65":{"start":{"line":131,"column":35},"end":{"line":131,"column":null}},"66":{"start":{"line":133,"column":31},"end":{"line":135,"column":null}},"67":{"start":{"line":134,"column":35},"end":{"line":134,"column":null}},"68":{"start":{"line":137,"column":18},"end":{"line":140,"column":null}},"69":{"start":{"line":141,"column":6},"end":{"line":141,"column":null}},"70":{"start":{"line":143,"column":16},"end":{"line":145,"column":null}},"71":{"start":{"line":147,"column":6},"end":{"line":154,"column":null}},"72":{"start":{"line":156,"column":16},"end":{"line":160,"column":null}},"73":{"start":{"line":161,"column":16},"end":{"line":165,"column":null}},"74":{"start":{"line":167,"column":25},"end":{"line":169,"column":null}},"75":{"start":{"line":171,"column":26},"end":{"line":171,"column":null}},"76":{"start":{"line":172,"column":28},"end":{"line":172,"column":null}},"77":{"start":{"line":173,"column":27},"end":{"line":173,"column":null}},"78":{"start":{"line":174,"column":21},"end":{"line":174,"column":null}},"79":{"start":{"line":175,"column":30},"end":{"line":175,"column":null}},"80":{"start":{"line":175,"column":50},"end":{"line":175,"column":57}},"81":{"start":{"line":176,"column":30},"end":{"line":176,"column":null}},"82":{"start":{"line":176,"column":50},"end":{"line":176,"column":57}},"83":{"start":{"line":178,"column":21},"end":{"line":182,"column":null}},"84":{"start":{"line":185,"column":30},"end":{"line":187,"column":null}},"85":{"start":{"line":189,"column":26},"end":{"line":192,"column":null}},"86":{"start":{"line":193,"column":26},"end":{"line":193,"column":null}},"87":{"start":{"line":195,"column":6},"end":{"line":205,"column":null}},"88":{"start":{"line":201,"column":29},"end":{"line":201,"column":null}},"89":{"start":{"line":204,"column":30},"end":{"line":204,"column":null}},"90":{"start":{"line":207,"column":6},"end":{"line":221,"column":null}},"91":{"start":{"line":216,"column":37},"end":{"line":216,"column":66}},"92":{"start":{"line":217,"column":14},"end":{"line":217,"column":null}},"93":{"start":{"line":223,"column":24},"end":{"line":241,"column":null}},"94":{"start":{"line":224,"column":21},"end":{"line":224,"column":32}},"95":{"start":{"line":225,"column":21},"end":{"line":225,"column":32}},"96":{"start":{"line":226,"column":8},"end":{"line":240,"column":null}},"97":{"start":{"line":226,"column":47},"end":{"line":240,"column":null}},"98":{"start":{"line":243,"column":24},"end":{"line":261,"column":null}},"99":{"start":{"line":244,"column":21},"end":{"line":244,"column":32}},"100":{"start":{"line":245,"column":21},"end":{"line":245,"column":32}},"101":{"start":{"line":246,"column":8},"end":{"line":260,"column":null}},"102":{"start":{"line":246,"column":47},"end":{"line":260,"column":null}},"103":{"start":{"line":263,"column":25},"end":{"line":273,"column":null}},"104":{"start":{"line":264,"column":8},"end":{"line":272,"column":null}},"105":{"start":{"line":275,"column":6},"end":{"line":289,"column":null}},"106":{"start":{"line":277,"column":10},"end":{"line":277,"column":null}},"107":{"start":{"line":280,"column":26},"end":{"line":280,"column":null}},"108":{"start":{"line":281,"column":26},"end":{"line":281,"column":null}},"109":{"start":{"line":284,"column":30},"end":{"line":284,"column":null}},"110":{"start":{"line":291,"column":6},"end":{"line":314,"column":null}},"111":{"start":{"line":297,"column":23},"end":{"line":297,"column":null}},"112":{"start":{"line":298,"column":10},"end":{"line":298,"column":null}},"113":{"start":{"line":301,"column":23},"end":{"line":301,"column":null}},"114":{"start":{"line":302,"column":10},"end":{"line":302,"column":null}},"115":{"start":{"line":305,"column":21},"end":{"line":305,"column":null}},"116":{"start":{"line":307,"column":27},"end":{"line":307,"column":null}},"117":{"start":{"line":308,"column":10},"end":{"line":308,"column":null}},"118":{"start":{"line":316,"column":4},"end":{"line":318,"column":null}},"119":{"start":{"line":317,"column":6},"end":{"line":317,"column":null}},"120":{"start":{"line":340,"column":15},"end":{"line":340,"column":null}}},"fnMap":{"0":{"name":"(anonymous_5)","decl":{"start":{"line":39,"column":21},"end":{"line":39,"column":22}},"loc":{"start":{"line":39,"column":36},"end":{"line":45,"column":null}}},"1":{"name":"(anonymous_6)","decl":{"start":{"line":48,"column":27},"end":{"line":48,"column":28}},"loc":{"start":{"line":48,"column":50},"end":{"line":56,"column":null}}},"2":{"name":"(anonymous_7)","decl":{"start":{"line":49,"column":26},"end":{"line":49,"column":27}},"loc":{"start":{"line":49,"column":27},"end":{"line":54,"column":null}}},"3":{"name":"(anonymous_8)","decl":{"start":{"line":59,"column":27},"end":{"line":59,"column":28}},"loc":{"start":{"line":59,"column":28},"end":{"line":63,"column":null}}},"4":{"name":"(anonymous_9)","decl":{"start":{"line":65,"column":40},"end":{"line":65,"column":41}},"loc":{"start":{"line":70,"column":1},"end":{"line":338,"column":null}}},"5":{"name":"(anonymous_10)","decl":{"start":{"line":82,"column":12},"end":{"line":82,"column":null}},"loc":{"start":{"line":82,"column":12},"end":{"line":124,"column":5}}},"6":{"name":"(anonymous_11)","decl":{"start":{"line":85,"column":22},"end":{"line":85,"column":29}},"loc":{"start":{"line":85,"column":29},"end":{"line":99,"column":null}}},"7":{"name":"(anonymous_12)","decl":{"start":{"line":94,"column":21},"end":{"line":94,"column":22}},"loc":{"start":{"line":94,"column":32},"end":{"line":94,"column":null}}},"8":{"name":"(anonymous_13)","decl":{"start":{"line":101,"column":32},"end":{"line":101,"column":33}},"loc":{"start":{"line":101,"column":51},"end":{"line":115,"column":null}}},"9":{"name":"(anonymous_14)","decl":{"start":{"line":104,"column":44},"end":{"line":104,"column":45}},"loc":{"start":{"line":104,"column":45},"end":{"line":111,"column":null}}},"10":{"name":"(anonymous_15)","decl":{"start":{"line":113,"column":22},"end":{"line":113,"column":23}},"loc":{"start":{"line":113,"column":33},"end":{"line":113,"column":null}}},"11":{"name":"(anonymous_16)","decl":{"start":{"line":121,"column":11},"end":{"line":121,"column":null}},"loc":{"start":{"line":121,"column":11},"end":{"line":123,"column":null}}},"12":{"name":"(anonymous_17)","decl":{"start":{"line":126,"column":12},"end":{"line":126,"column":null}},"loc":{"start":{"line":126,"column":12},"end":{"line":319,"column":5}}},"13":{"name":"(anonymous_18)","decl":{"start":{"line":131,"column":28},"end":{"line":131,"column":29}},"loc":{"start":{"line":131,"column":35},"end":{"line":131,"column":null}}},"14":{"name":"(anonymous_19)","decl":{"start":{"line":134,"column":28},"end":{"line":134,"column":29}},"loc":{"start":{"line":134,"column":35},"end":{"line":134,"column":null}}},"15":{"name":"(anonymous_20)","decl":{"start":{"line":175,"column":43},"end":{"line":175,"column":44}},"loc":{"start":{"line":175,"column":50},"end":{"line":175,"column":57}}},"16":{"name":"(anonymous_21)","decl":{"start":{"line":176,"column":43},"end":{"line":176,"column":44}},"loc":{"start":{"line":176,"column":50},"end":{"line":176,"column":57}}},"17":{"name":"(anonymous_22)","decl":{"start":{"line":201,"column":19},"end":{"line":201,"column":20}},"loc":{"start":{"line":201,"column":29},"end":{"line":201,"column":null}}},"18":{"name":"(anonymous_23)","decl":{"start":{"line":204,"column":23},"end":{"line":204,"column":24}},"loc":{"start":{"line":204,"column":30},"end":{"line":204,"column":null}}},"19":{"name":"(anonymous_24)","decl":{"start":{"line":215,"column":24},"end":{"line":215,"column":25}},"loc":{"start":{"line":215,"column":25},"end":{"line":218,"column":null}}},"20":{"name":"(anonymous_25)","decl":{"start":{"line":223,"column":24},"end":{"line":223,"column":25}},"loc":{"start":{"line":223,"column":44},"end":{"line":241,"column":null}}},"21":{"name":"(anonymous_26)","decl":{"start":{"line":226,"column":24},"end":{"line":226,"column":25}},"loc":{"start":{"line":226,"column":47},"end":{"line":240,"column":null}}},"22":{"name":"(anonymous_27)","decl":{"start":{"line":243,"column":24},"end":{"line":243,"column":25}},"loc":{"start":{"line":243,"column":44},"end":{"line":261,"column":null}}},"23":{"name":"(anonymous_28)","decl":{"start":{"line":246,"column":24},"end":{"line":246,"column":25}},"loc":{"start":{"line":246,"column":47},"end":{"line":260,"column":null}}},"24":{"name":"(anonymous_29)","decl":{"start":{"line":263,"column":25},"end":{"line":263,"column":null}},"loc":{"start":{"line":263,"column":25},"end":{"line":273,"column":null}}},"25":{"name":"(anonymous_30)","decl":{"start":{"line":276,"column":20},"end":{"line":276,"column":21}},"loc":{"start":{"line":277,"column":10},"end":{"line":277,"column":null}}},"26":{"name":"(anonymous_31)","decl":{"start":{"line":280,"column":19},"end":{"line":280,"column":20}},"loc":{"start":{"line":280,"column":26},"end":{"line":280,"column":null}}},"27":{"name":"(anonymous_32)","decl":{"start":{"line":281,"column":19},"end":{"line":281,"column":20}},"loc":{"start":{"line":281,"column":26},"end":{"line":281,"column":null}}},"28":{"name":"(anonymous_33)","decl":{"start":{"line":284,"column":23},"end":{"line":284,"column":24}},"loc":{"start":{"line":284,"column":30},"end":{"line":284,"column":null}}},"29":{"name":"(anonymous_34)","decl":{"start":{"line":296,"column":19},"end":{"line":296,"column":20}},"loc":{"start":{"line":296,"column":20},"end":{"line":299,"column":null}}},"30":{"name":"(anonymous_35)","decl":{"start":{"line":300,"column":19},"end":{"line":300,"column":20}},"loc":{"start":{"line":300,"column":20},"end":{"line":303,"column":null}}},"31":{"name":"(anonymous_36)","decl":{"start":{"line":305,"column":14},"end":{"line":305,"column":15}},"loc":{"start":{"line":305,"column":21},"end":{"line":305,"column":null}}},"32":{"name":"(anonymous_37)","decl":{"start":{"line":306,"column":23},"end":{"line":306,"column":24}},"loc":{"start":{"line":306,"column":24},"end":{"line":309,"column":null}}},"33":{"name":"(anonymous_38)","decl":{"start":{"line":316,"column":26},"end":{"line":316,"column":null}},"loc":{"start":{"line":316,"column":26},"end":{"line":318,"column":null}}}},"branchMap":{"0":{"loc":{"start":{"line":41,"column":2},"end":{"line":43,"column":null}},"type":"if","locations":[{"start":{"line":41,"column":2},"end":{"line":43,"column":null}}]},"1":{"loc":{"start":{"line":51,"column":11},"end":{"line":53,"column":null}},"type":"cond-expr","locations":[{"start":{"line":52,"column":8},"end":{"line":52,"column":null}},{"start":{"line":53,"column":8},"end":{"line":53,"column":null}}]},"2":{"loc":{"start":{"line":86,"column":6},"end":{"line":86,"column":null}},"type":"if","locations":[{"start":{"line":86,"column":6},"end":{"line":86,"column":null}}]},"3":{"loc":{"start":{"line":93,"column":8},"end":{"line":95,"column":null}},"type":"if","locations":[{"start":{"line":93,"column":8},"end":{"line":95,"column":null}}]},"4":{"loc":{"start":{"line":102,"column":6},"end":{"line":102,"column":null}},"type":"if","locations":[{"start":{"line":102,"column":6},"end":{"line":102,"column":null}}]},"5":{"loc":{"start":{"line":112,"column":6},"end":{"line":114,"column":null}},"type":"if","locations":[{"start":{"line":112,"column":6},"end":{"line":114,"column":null}}]},"6":{"loc":{"start":{"line":118,"column":4},"end":{"line":119,"column":null}},"type":"if","locations":[{"start":{"line":118,"column":4},"end":{"line":119,"column":null}}]},"7":{"loc":{"start":{"line":127,"column":4},"end":{"line":127,"column":null}},"type":"if","locations":[{"start":{"line":127,"column":4},"end":{"line":127,"column":null}}]},"8":{"loc":{"start":{"line":127,"column":8},"end":{"line":127,"column":52}},"type":"binary-expr","locations":[{"start":{"line":127,"column":8},"end":{"line":127,"column":18}},{"start":{"line":127,"column":18},"end":{"line":127,"column":29}},{"start":{"line":127,"column":29},"end":{"line":127,"column":52}}]},"9":{"loc":{"start":{"line":128,"column":4},"end":{"line":315,"column":null}},"type":"if","locations":[{"start":{"line":128,"column":4},"end":{"line":315,"column":null}}]},"10":{"loc":{"start":{"line":175,"column":30},"end":{"line":175,"column":null}},"type":"binary-expr","locations":[{"start":{"line":175,"column":30},"end":{"line":175,"column":72}},{"start":{"line":175,"column":72},"end":{"line":175,"column":null}}]},"11":{"loc":{"start":{"line":176,"column":30},"end":{"line":176,"column":null}},"type":"binary-expr","locations":[{"start":{"line":176,"column":30},"end":{"line":176,"column":72}},{"start":{"line":176,"column":72},"end":{"line":176,"column":null}}]},"12":{"loc":{"start":{"line":217,"column":21},"end":{"line":217,"column":null}},"type":"cond-expr","locations":[{"start":{"line":217,"column":42},"end":{"line":217,"column":62}},{"start":{"line":217,"column":65},"end":{"line":217,"column":null}}]},"13":{"loc":{"start":{"line":277,"column":10},"end":{"line":277,"column":null}},"type":"cond-expr","locations":[{"start":{"line":277,"column":14},"end":{"line":277,"column":59}},{"start":{"line":277,"column":62},"end":{"line":277,"column":null}}]},"14":{"loc":{"start":{"line":280,"column":26},"end":{"line":280,"column":null}},"type":"binary-expr","locations":[{"start":{"line":280,"column":26},"end":{"line":280,"column":52}},{"start":{"line":280,"column":52},"end":{"line":280,"column":null}}]},"15":{"loc":{"start":{"line":281,"column":26},"end":{"line":281,"column":null}},"type":"binary-expr","locations":[{"start":{"line":281,"column":26},"end":{"line":281,"column":50}},{"start":{"line":281,"column":50},"end":{"line":281,"column":null}}]},"16":{"loc":{"start":{"line":298,"column":17},"end":{"line":298,"column":null}},"type":"cond-expr","locations":[{"start":{"line":298,"column":32},"end":{"line":298,"column":59}},{"start":{"line":298,"column":59},"end":{"line":298,"column":null}}]},"17":{"loc":{"start":{"line":302,"column":17},"end":{"line":302,"column":null}},"type":"cond-expr","locations":[{"start":{"line":302,"column":32},"end":{"line":302,"column":59}},{"start":{"line":302,"column":59},"end":{"line":302,"column":null}}]},"18":{"loc":{"start":{"line":308,"column":17},"end":{"line":308,"column":null}},"type":"cond-expr","locations":[{"start":{"line":308,"column":48},"end":{"line":308,"column":58}},{"start":{"line":308,"column":58},"end":{"line":308,"column":null}}]},"19":{"loc":{"start":{"line":332,"column":45},"end":{"line":332,"column":null}},"type":"binary-expr","locations":[{"start":{"line":332,"column":45},"end":{"line":332,"column":57}},{"start":{"line":332,"column":57},"end":{"line":332,"column":null}}]}},"s":{"0":138,"1":1,"2":1,"3":1,"4":1,"5":1,"6":1,"7":1,"8":1,"9":0,"10":0,"11":0,"12":0,"13":1,"14":0,"15":0,"16":0,"17":0,"18":1,"19":0,"20":0,"21":0,"22":1,"23":138,"24":138,"25":138,"26":138,"27":138,"28":138,"29":138,"30":138,"31":138,"32":30,"33":30,"34":30,"35":0,"36":30,"37":30,"38":30,"39":30,"40":0,"41":0,"42":0,"43":30,"44":30,"45":0,"46":0,"47":0,"48":0,"49":0,"50":0,"51":0,"52":0,"53":0,"54":30,"55":30,"56":0,"57":30,"58":30,"59":138,"60":138,"61":138,"62":0,"63":0,"64":0,"65":0,"66":0,"67":0,"68":0,"69":0,"70":0,"71":0,"72":0,"73":0,"74":0,"75":0,"76":0,"77":0,"78":0,"79":0,"80":0,"81":0,"82":0,"83":0,"84":0,"85":0,"86":0,"87":0,"88":0,"89":0,"90":0,"91":0,"92":0,"93":0,"94":0,"95":0,"96":0,"97":0,"98":0,"99":0,"100":0,"101":0,"102":0,"103":0,"104":0,"105":0,"106":0,"107":0,"108":0,"109":0,"110":0,"111":0,"112":0,"113":0,"114":0,"115":0,"116":0,"117":0,"118":0,"119":0,"120":1},"f":{"0":0,"1":0,"2":0,"3":0,"4":138,"5":30,"6":30,"7":0,"8":0,"9":0,"10":0,"11":30,"12":138,"13":0,"14":0,"15":0,"16":0,"17":0,"18":0,"19":0,"20":0,"21":0,"22":0,"23":0,"24":0,"25":0,"26":0,"27":0,"28":0,"29":0,"30":0,"31":0,"32":0,"33":0},"b":{"0":[0],"1":[0,0],"2":[0],"3":[0],"4":[0],"5":[0],"6":[0],"7":[138],"8":[138,138,138],"9":[0],"10":[0,0],"11":[0,0],"12":[0,0],"13":[0,0],"14":[0,0],"15":[0,0],"16":[0,0],"17":[0,0],"18":[0,0],"19":[138,138]}}
,"/home/genna/yc/the-grid-2/src/app/components/dataviz/Pie.tsx": {"path":"/home/genna/yc/the-grid-2/src/app/components/dataviz/Pie.tsx","statementMap":{"0":{"start":{"line":213,"column":0},"end":{"line":213,"column":15}},"1":{"start":{"line":1,"column":30},"end":{"line":1,"column":null}},"2":{"start":{"line":2,"column":29},"end":{"line":2,"column":null}},"3":{"start":{"line":3,"column":20},"end":{"line":3,"column":null}},"4":{"start":{"line":4,"column":47},"end":{"line":4,"column":null}},"5":{"start":{"line":5,"column":19},"end":{"line":5,"column":null}},"6":{"start":{"line":6,"column":19},"end":{"line":6,"column":null}},"7":{"start":{"line":40,"column":22},"end":{"line":40,"column":39}},"8":{"start":{"line":42,"column":51},"end":{"line":211,"column":null}},"9":{"start":{"line":53,"column":32},"end":{"line":53,"column":null}},"10":{"start":{"line":54,"column":38},"end":{"line":54,"column":null}},"11":{"start":{"line":55,"column":38},"end":{"line":55,"column":null}},"12":{"start":{"line":56,"column":38},"end":{"line":56,"column":null}},"13":{"start":{"line":58,"column":2},"end":{"line":60,"column":null}},"14":{"start":{"line":59,"column":4},"end":{"line":59,"column":null}},"15":{"start":{"line":62,"column":2},"end":{"line":104,"column":null}},"16":{"start":{"line":63,"column":20},"end":{"line":63,"column":null}},"17":{"start":{"line":65,"column":22},"end":{"line":79,"column":null}},"18":{"start":{"line":66,"column":6},"end":{"line":66,"column":null}},"19":{"start":{"line":66,"column":67},"end":{"line":66,"column":null}},"20":{"start":{"line":68,"column":6},"end":{"line":78,"column":null}},"21":{"start":{"line":69,"column":31},"end":{"line":71,"column":17}},"22":{"start":{"line":72,"column":21},"end":{"line":72,"column":null}},"23":{"start":{"line":73,"column":8},"end":{"line":75,"column":null}},"24":{"start":{"line":74,"column":10},"end":{"line":74,"column":null}},"25":{"start":{"line":77,"column":8},"end":{"line":77,"column":null}},"26":{"start":{"line":81,"column":32},"end":{"line":96,"column":null}},"27":{"start":{"line":82,"column":6},"end":{"line":82,"column":null}},"28":{"start":{"line":82,"column":32},"end":{"line":82,"column":null}},"29":{"start":{"line":84,"column":21},"end":{"line":92,"column":null}},"30":{"start":{"line":85,"column":30},"end":{"line":85,"column":null}},"31":{"start":{"line":86,"column":8},"end":{"line":90,"column":null}},"32":{"start":{"line":87,"column":24},"end":{"line":87,"column":null}},"33":{"start":{"line":88,"column":25},"end":{"line":88,"column":null}},"34":{"start":{"line":89,"column":10},"end":{"line":89,"column":null}},"35":{"start":{"line":91,"column":8},"end":{"line":91,"column":null}},"36":{"start":{"line":93,"column":6},"end":{"line":95,"column":null}},"37":{"start":{"line":94,"column":8},"end":{"line":94,"column":null}},"38":{"start":{"line":98,"column":4},"end":{"line":98,"column":null}},"39":{"start":{"line":99,"column":4},"end":{"line":100,"column":null}},"40":{"start":{"line":100,"column":6},"end":{"line":100,"column":null}},"41":{"start":{"line":101,"column":4},"end":{"line":103,"column":null}},"42":{"start":{"line":102,"column":6},"end":{"line":102,"column":25}},"43":{"start":{"line":106,"column":2},"end":{"line":195,"column":null}},"44":{"start":{"line":107,"column":4},"end":{"line":107,"column":null}},"45":{"start":{"line":107,"column":54},"end":{"line":107,"column":null}},"46":{"start":{"line":109,"column":17},"end":{"line":109,"column":39}},"47":{"start":{"line":110,"column":4},"end":{"line":110,"column":null}},"48":{"start":{"line":112,"column":21},"end":{"line":120,"column":null}},"49":{"start":{"line":114,"column":25},"end":{"line":117,"column":null}},"50":{"start":{"line":116,"column":32},"end":{"line":116,"column":52}},"51":{"start":{"line":119,"column":6},"end":{"line":119,"column":null}},"52":{"start":{"line":122,"column":23},"end":{"line":123,"column":null}},"53":{"start":{"line":123,"column":16},"end":{"line":123,"column":46}},"54":{"start":{"line":126,"column":26},"end":{"line":129,"column":null}},"55":{"start":{"line":126,"column":49},"end":{"line":129,"column":null}},"56":{"start":{"line":130,"column":4},"end":{"line":130,"column":null}},"57":{"start":{"line":132,"column":23},"end":{"line":132,"column":57}},"58":{"start":{"line":133,"column":24},"end":{"line":133,"column":58}},"59":{"start":{"line":134,"column":19},"end":{"line":134,"column":null}},"60":{"start":{"line":135,"column":16},"end":{"line":135,"column":null}},"61":{"start":{"line":135,"column":48},"end":{"line":135,"column":55}},"62":{"start":{"line":137,"column":16},"end":{"line":141,"column":null}},"63":{"start":{"line":143,"column":25},"end":{"line":146,"column":null}},"64":{"start":{"line":148,"column":17},"end":{"line":154,"column":null}},"65":{"start":{"line":156,"column":4},"end":{"line":160,"column":null}},"66":{"start":{"line":160,"column":8},"end":{"line":160,"column":null}},"67":{"start":{"line":163,"column":4},"end":{"line":171,"column":null}},"68":{"start":{"line":167,"column":27},"end":{"line":167,"column":null}},"69":{"start":{"line":169,"column":28},"end":{"line":169,"column":null}},"70":{"start":{"line":170,"column":8},"end":{"line":170,"column":null}},"71":{"start":{"line":170,"column":22},"end":{"line":170,"column":null}},"72":{"start":{"line":173,"column":4},"end":{"line":194,"column":null}},"73":{"start":{"line":176,"column":21},"end":{"line":176,"column":34}},"74":{"start":{"line":177,"column":21},"end":{"line":177,"column":51}},"75":{"start":{"line":178,"column":25},"end":{"line":178,"column":47}},"76":{"start":{"line":179,"column":8},"end":{"line":182,"column":null}},"77":{"start":{"line":185,"column":21},"end":{"line":185,"column":34}},"78":{"start":{"line":186,"column":21},"end":{"line":186,"column":51}},"79":{"start":{"line":187,"column":8},"end":{"line":190,"column":null}},"80":{"start":{"line":187,"column":47},"end":{"line":190,"column":null}},"81":{"start":{"line":193,"column":8},"end":{"line":193,"column":null}},"82":{"start":{"line":213,"column":15},"end":{"line":213,"column":null}}},"fnMap":{"0":{"name":"(anonymous_5)","decl":{"start":{"line":42,"column":51},"end":{"line":42,"column":52}},"loc":{"start":{"line":52,"column":1},"end":{"line":211,"column":null}}},"1":{"name":"(anonymous_6)","decl":{"start":{"line":58,"column":12},"end":{"line":58,"column":null}},"loc":{"start":{"line":58,"column":12},"end":{"line":60,"column":5}}},"2":{"name":"(anonymous_7)","decl":{"start":{"line":62,"column":12},"end":{"line":62,"column":null}},"loc":{"start":{"line":62,"column":12},"end":{"line":104,"column":5}}},"3":{"name":"(anonymous_8)","decl":{"start":{"line":65,"column":22},"end":{"line":65,"column":29}},"loc":{"start":{"line":65,"column":29},"end":{"line":79,"column":null}}},"4":{"name":"(anonymous_9)","decl":{"start":{"line":81,"column":32},"end":{"line":81,"column":33}},"loc":{"start":{"line":81,"column":51},"end":{"line":96,"column":null}}},"5":{"name":"(anonymous_10)","decl":{"start":{"line":84,"column":44},"end":{"line":84,"column":45}},"loc":{"start":{"line":84,"column":45},"end":{"line":92,"column":null}}},"6":{"name":"(anonymous_11)","decl":{"start":{"line":86,"column":31},"end":{"line":86,"column":32}},"loc":{"start":{"line":86,"column":32},"end":{"line":90,"column":null}}},"7":{"name":"(anonymous_12)","decl":{"start":{"line":101,"column":11},"end":{"line":101,"column":null}},"loc":{"start":{"line":101,"column":11},"end":{"line":103,"column":null}}},"8":{"name":"(anonymous_13)","decl":{"start":{"line":106,"column":12},"end":{"line":106,"column":null}},"loc":{"start":{"line":106,"column":12},"end":{"line":195,"column":5}}},"9":{"name":"(anonymous_14)","decl":{"start":{"line":112,"column":21},"end":{"line":112,"column":22}},"loc":{"start":{"line":112,"column":22},"end":{"line":120,"column":null}}},"10":{"name":"(anonymous_15)","decl":{"start":{"line":116,"column":25},"end":{"line":116,"column":26}},"loc":{"start":{"line":116,"column":32},"end":{"line":116,"column":52}}},"11":{"name":"(anonymous_16)","decl":{"start":{"line":123,"column":6},"end":{"line":123,"column":7}},"loc":{"start":{"line":123,"column":16},"end":{"line":123,"column":46}}},"12":{"name":"(anonymous_17)","decl":{"start":{"line":126,"column":41},"end":{"line":126,"column":42}},"loc":{"start":{"line":126,"column":49},"end":{"line":129,"column":null}}},"13":{"name":"(anonymous_18)","decl":{"start":{"line":135,"column":41},"end":{"line":135,"column":42}},"loc":{"start":{"line":135,"column":48},"end":{"line":135,"column":55}}},"14":{"name":"(anonymous_19)","decl":{"start":{"line":159,"column":20},"end":{"line":159,"column":21}},"loc":{"start":{"line":160,"column":8},"end":{"line":160,"column":null}}},"15":{"name":"(anonymous_20)","decl":{"start":{"line":167,"column":20},"end":{"line":167,"column":21}},"loc":{"start":{"line":167,"column":27},"end":{"line":167,"column":null}}},"16":{"name":"(anonymous_21)","decl":{"start":{"line":168,"column":22},"end":{"line":168,"column":23}},"loc":{"start":{"line":168,"column":23},"end":{"line":171,"column":null}}},"17":{"name":"(anonymous_22)","decl":{"start":{"line":170,"column":15},"end":{"line":170,"column":16}},"loc":{"start":{"line":170,"column":22},"end":{"line":170,"column":null}}},"18":{"name":"(anonymous_23)","decl":{"start":{"line":175,"column":23},"end":{"line":175,"column":24}},"loc":{"start":{"line":175,"column":31},"end":{"line":183,"column":null}}},"19":{"name":"(anonymous_24)","decl":{"start":{"line":184,"column":23},"end":{"line":184,"column":24}},"loc":{"start":{"line":184,"column":24},"end":{"line":191,"column":null}}},"20":{"name":"(anonymous_25)","decl":{"start":{"line":187,"column":24},"end":{"line":187,"column":25}},"loc":{"start":{"line":187,"column":47},"end":{"line":190,"column":null}}},"21":{"name":"(anonymous_26)","decl":{"start":{"line":192,"column":22},"end":{"line":192,"column":null}},"loc":{"start":{"line":192,"column":22},"end":{"line":194,"column":null}}}},"branchMap":{"0":{"loc":{"start":{"line":43,"column":2},"end":{"line":43,"column":13}},"type":"default-arg","locations":[{"start":{"line":43,"column":10},"end":{"line":43,"column":13}}]},"1":{"loc":{"start":{"line":44,"column":2},"end":{"line":44,"column":14}},"type":"default-arg","locations":[{"start":{"line":44,"column":11},"end":{"line":44,"column":14}}]},"2":{"loc":{"start":{"line":46,"column":2},"end":{"line":46,"column":17}},"type":"default-arg","locations":[{"start":{"line":46,"column":12},"end":{"line":46,"column":17}}]},"3":{"loc":{"start":{"line":48,"column":2},"end":{"line":48,"column":55}},"type":"default-arg","locations":[{"start":{"line":48,"column":11},"end":{"line":48,"column":55}}]},"4":{"loc":{"start":{"line":66,"column":6},"end":{"line":66,"column":null}},"type":"if","locations":[{"start":{"line":66,"column":6},"end":{"line":66,"column":null}}]},"5":{"loc":{"start":{"line":73,"column":8},"end":{"line":75,"column":null}},"type":"if","locations":[{"start":{"line":73,"column":8},"end":{"line":75,"column":null}}]},"6":{"loc":{"start":{"line":82,"column":6},"end":{"line":82,"column":null}},"type":"if","locations":[{"start":{"line":82,"column":6},"end":{"line":82,"column":null}}]},"7":{"loc":{"start":{"line":88,"column":25},"end":{"line":88,"column":null}},"type":"cond-expr","locations":[{"start":{"line":88,"column":44},"end":{"line":88,"column":52}},{"start":{"line":88,"column":55},"end":{"line":88,"column":null}}]},"8":{"loc":{"start":{"line":89,"column":24},"end":{"line":89,"column":73}},"type":"cond-expr","locations":[{"start":{"line":89,"column":51},"end":{"line":89,"column":60}},{"start":{"line":89,"column":63},"end":{"line":89,"column":73}}]},"9":{"loc":{"start":{"line":93,"column":6},"end":{"line":95,"column":null}},"type":"if","locations":[{"start":{"line":93,"column":6},"end":{"line":95,"column":null}}]},"10":{"loc":{"start":{"line":99,"column":4},"end":{"line":100,"column":null}},"type":"if","locations":[{"start":{"line":99,"column":4},"end":{"line":100,"column":null}}]},"11":{"loc":{"start":{"line":107,"column":4},"end":{"line":107,"column":null}},"type":"if","locations":[{"start":{"line":107,"column":4},"end":{"line":107,"column":null}}]},"12":{"loc":{"start":{"line":107,"column":8},"end":{"line":107,"column":52}},"type":"binary-expr","locations":[{"start":{"line":107,"column":8},"end":{"line":107,"column":18}},{"start":{"line":107,"column":18},"end":{"line":107,"column":29}},{"start":{"line":107,"column":29},"end":{"line":107,"column":52}}]},"13":{"loc":{"start":{"line":205,"column":9},"end":{"line":205,"column":null}},"type":"binary-expr","locations":[{"start":{"line":205,"column":9},"end":{"line":205,"column":18}},{"start":{"line":205,"column":18},"end":{"line":205,"column":null}}]}},"s":{"0":138,"1":1,"2":1,"3":1,"4":1,"5":1,"6":1,"7":1,"8":1,"9":138,"10":138,"11":138,"12":138,"13":138,"14":30,"15":138,"16":30,"17":30,"18":30,"19":0,"20":30,"21":30,"22":30,"23":0,"24":0,"25":30,"26":30,"27":0,"28":0,"29":0,"30":0,"31":0,"32":0,"33":0,"34":0,"35":0,"36":0,"37":0,"38":30,"39":30,"40":0,"41":30,"42":30,"43":138,"44":30,"45":30,"46":0,"47":0,"48":0,"49":0,"50":0,"51":0,"52":0,"53":0,"54":0,"55":0,"56":0,"57":0,"58":0,"59":0,"60":0,"61":0,"62":0,"63":0,"64":0,"65":0,"66":0,"67":0,"68":0,"69":0,"70":0,"71":0,"72":0,"73":0,"74":0,"75":0,"76":0,"77":0,"78":0,"79":0,"80":0,"81":0,"82":1},"f":{"0":138,"1":30,"2":30,"3":30,"4":0,"5":0,"6":0,"7":30,"8":30,"9":0,"10":0,"11":0,"12":0,"13":0,"14":0,"15":0,"16":0,"17":0,"18":0,"19":0,"20":0,"21":0},"b":{"0":[0],"1":[138],"2":[0],"3":[138],"4":[0],"5":[0],"6":[0],"7":[0,0],"8":[0,0],"9":[0],"10":[0],"11":[30],"12":[30,30,30],"13":[138,0]}}
,"/home/genna/yc/the-grid-2/src/app/context/WUWWLSurveyContext.tsx": {"path":"/home/genna/yc/the-grid-2/src/app/context/WUWWLSurveyContext.tsx","statementMap":{"0":{"start":{"line":30,"column":13},"end":{"line":30,"column":32}},"1":{"start":{"line":59,"column":13},"end":{"line":59,"column":27}},"2":{"start":{"line":3,"column":59},"end":{"line":3,"column":null}},"3":{"start":{"line":26,"column":27},"end":{"line":27,"column":null}},"4":{"start":{"line":30,"column":76},"end":{"line":57,"column":null}},"5":{"start":{"line":33,"column":26},"end":{"line":33,"column":null}},"6":{"start":{"line":34,"column":48},"end":{"line":34,"column":null}},"7":{"start":{"line":35,"column":46},"end":{"line":35,"column":null}},"8":{"start":{"line":36,"column":42},"end":{"line":36,"column":null}},"9":{"start":{"line":38,"column":16},"end":{"line":49,"column":null}},"10":{"start":{"line":39,"column":11},"end":{"line":48,"column":null}},"11":{"start":{"line":59,"column":30},"end":{"line":67,"column":null}},"12":{"start":{"line":60,"column":18},"end":{"line":60,"column":null}},"13":{"start":{"line":61,"column":2},"end":{"line":65,"column":null}},"14":{"start":{"line":62,"column":4},"end":{"line":63,"column":null}},"15":{"start":{"line":66,"column":2},"end":{"line":66,"column":null}}},"fnMap":{"0":{"name":"(anonymous_6)","decl":{"start":{"line":30,"column":76},"end":{"line":30,"column":77}},"loc":{"start":{"line":32,"column":1},"end":{"line":57,"column":null}}},"1":{"name":"(anonymous_7)","decl":{"start":{"line":39,"column":4},"end":{"line":39,"column":11}},"loc":{"start":{"line":39,"column":11},"end":{"line":48,"column":null}}},"2":{"name":"(anonymous_8)","decl":{"start":{"line":59,"column":30},"end":{"line":59,"column":null}},"loc":{"start":{"line":59,"column":30},"end":{"line":67,"column":null}}}},"branchMap":{"0":{"loc":{"start":{"line":61,"column":2},"end":{"line":65,"column":null}},"type":"if","locations":[{"start":{"line":61,"column":2},"end":{"line":65,"column":null}}]}},"s":{"0":10,"1":47,"2":1,"3":1,"4":1,"5":33,"6":33,"7":33,"8":33,"9":33,"10":24,"11":1,"12":47,"13":46,"14":0,"15":46},"f":{"0":33,"1":24,"2":47},"b":{"0":[0]}}
}
