TN:
SF:src/app/[lng]/insights/survey/page.tsx
FN:82,(anonymous_5)
FN:83,(anonymous_6)
FN:119,(anonymous_7)
FN:171,(anonymous_8)
FN:172,(anonymous_9)
FN:180,(anonymous_10)
FN:203,(anonymous_11)
FN:206,(anonymous_12)
FN:208,(anonymous_13)
FN:212,(anonymous_14)
FN:218,(anonymous_15)
FN:220,(anonymous_16)
FN:224,(anonymous_17)
FN:225,(anonymous_18)
FN:228,(anonymous_19)
FN:276,(anonymous_20)
FN:318,(anonymous_21)
FN:320,(anonymous_22)
FN:407,(anonymous_23)
FN:472,(anonymous_24)
FN:473,(anonymous_25)
FNF:21
FNH:19
FNDA:46,(anonymous_5)
FNDA:184,(anonymous_6)
FNDA:47,(anonymous_7)
FNDA:10,(anonymous_8)
FNDA:10,(anonymous_9)
FNDA:20,(anonymous_10)
FNDA:21,(anonymous_11)
FNDA:22,(anonymous_12)
FNDA:40,(anonymous_13)
FNDA:4,(anonymous_14)
FNDA:22,(anonymous_15)
FNDA:6,(anonymous_16)
FNDA:22,(anonymous_17)
FNDA:22,(anonymous_18)
FNDA:6,(anonymous_19)
FNDA:2,(anonymous_20)
FNDA:1,(anonymous_21)
FNDA:12,(anonymous_22)
FNDA:0,(anonymous_23)
FNDA:0,(anonymous_24)
FNDA:1,(anonymous_25)
DA:3,1
DA:4,1
DA:5,1
DA:6,1
DA:7,1
DA:8,1
DA:9,1
DA:10,1
DA:11,1
DA:12,1
DA:13,1
DA:14,1
DA:25,1
DA:26,1
DA:27,1
DA:28,1
DA:29,1
DA:30,1
DA:31,1
DA:32,1
DA:34,1
DA:56,1
DA:63,1
DA:73,1
DA:82,1
DA:83,184
DA:84,46
DA:87,1
DA:117,1
DA:119,1
DA:129,47
DA:130,46
DA:131,46
DA:132,46
DA:133,46
DA:134,46
DA:135,46
DA:136,46
DA:138,46
DA:156,46
DA:157,46
DA:158,46
DA:159,46
DA:161,46
DA:168,46
DA:169,46
DA:171,46
DA:172,10
DA:173,10
DA:174,10
DA:175,10
DA:177,10
DA:178,10
DA:180,20
DA:191,10
DA:194,0
DA:196,10
DA:199,10
DA:203,46
DA:204,21
DA:206,11
DA:207,22
DA:208,40
DA:212,11
DA:213,11
DA:214,11
DA:218,46
DA:219,22
DA:220,6
DA:221,3
DA:224,46
DA:225,22
DA:226,22
DA:227,3
DA:228,6
DA:230,3
DA:234,22
DA:276,2
DA:318,1
DA:321,12
DA:408,0
DA:472,0
DA:474,1
DA:475,1
DA:500,10
LF:85
LH:82
BRDA:84,0,0,46
BRDA:84,0,1,0
BRDA:177,1,0,10
BRDA:185,2,0,0
BRDA:185,2,1,20
BRDA:188,3,0,20
BRDA:188,3,1,0
BRDA:204,4,0,10
BRDA:208,5,0,40
BRDA:208,5,1,4
BRDA:214,6,0,11
BRDA:214,6,1,9
BRDA:219,7,0,19
BRDA:219,8,0,22
BRDA:219,8,1,12
BRDA:226,9,0,3
BRDA:226,10,0,22
BRDA:226,10,1,12
BRDA:270,11,0,26
BRDA:273,12,0,26
BRDA:273,12,1,0
BRDA:283,13,0,26
BRDA:283,13,1,0
BRDA:339,14,0,26
BRDA:356,15,0,26
BRDA:356,15,1,22
BRDA:406,16,0,46
BRDA:406,16,1,0
BRDA:486,17,0,46
BRF:29
BRH:23
end_of_record
TN:
SF:src/app/[lng]/insights/uwi2024/page.tsx
FN:32,(anonymous_2)
FNF:1
FNH:1
FNDA:6,(anonymous_2)
DA:3,1
DA:4,1
DA:5,1
DA:6,1
DA:7,1
DA:8,1
DA:9,1
DA:10,1
DA:11,1
DA:13,1
DA:14,1
DA:15,1
DA:16,1
DA:17,1
DA:28,1
DA:32,1
DA:33,6
DA:34,6
DA:36,6
DA:37,6
DA:38,6
DA:159,5
LF:22
LH:22
BRDA:146,0,0,6
BRF:1
BRH:1
end_of_record
TN:
SF:src/app/components/Drawer.tsx
FN:28,(anonymous_5)
FN:32,(anonymous_6)
FN:45,(anonymous_7)
FN:53,(anonymous_8)
FN:62,(anonymous_9)
FN:70,(anonymous_10)
FN:75,(anonymous_11)
FN:91,(anonymous_12)
FN:110,(anonymous_13)
FN:117,(anonymous_14)
FN:119,(anonymous_15)
FN:128,(anonymous_16)
FN:134,(anonymous_17)
FN:135,(anonymous_18)
FN:156,(anonymous_19)
FN:180,(anonymous_20)
FNF:16
FNH:15
FNDA:46,(anonymous_5)
FNDA:46,(anonymous_6)
FNDA:46,(anonymous_7)
FNDA:46,(anonymous_8)
FNDA:46,(anonymous_9)
FNDA:46,(anonymous_10)
FNDA:46,(anonymous_11)
FNDA:46,(anonymous_12)
FNDA:10,(anonymous_13)
FNDA:10,(anonymous_14)
FNDA:10,(anonymous_15)
FNDA:10,(anonymous_16)
FNDA:10,(anonymous_17)
FNDA:0,(anonymous_18)
FNDA:10,(anonymous_19)
FNDA:46,(anonymous_20)
DA:1,1
DA:2,1
DA:3,1
DA:4,1
DA:5,1
DA:6,1
DA:22,1
DA:28,46
DA:32,46
DA:46,46
DA:52,1
DA:53,46
DA:62,46
DA:65,1
DA:70,46
DA:75,46
DA:91,1
DA:104,46
DA:105,46
DA:106,46
DA:107,46
DA:110,46
DA:111,10
DA:112,0
DA:117,46
DA:118,10
DA:119,10
DA:120,10
DA:121,10
DA:122,10
DA:126,10
DA:128,10
DA:129,10
DA:134,46
DA:135,10
DA:136,0
DA:137,0
DA:144,0
DA:148,10
DA:149,0
DA:151,0
DA:152,0
DA:153,0
DA:156,10
DA:157,10
DA:181,46
DA:201,46
LF:47
LH:39
BRDA:28,0,0,0
BRDA:28,0,1,46
BRDA:46,1,0,0
BRDA:46,1,1,46
BRDA:53,2,0,0
BRDA:53,2,1,46
BRDA:62,3,0,0
BRDA:62,3,1,46
BRDA:70,4,0,0
BRDA:70,4,1,46
BRDA:100,5,0,46
BRDA:101,6,0,46
BRDA:102,7,0,46
BRDA:111,8,0,0
BRDA:111,9,0,10
BRDA:111,9,1,0
BRDA:118,10,0,10
BRDA:120,11,0,10
BRDA:136,12,0,0
BRDA:137,13,0,0
BRDA:138,14,0,0
BRDA:138,14,1,0
BRDA:138,14,2,0
BRDA:138,14,3,0
BRDA:138,14,4,0
BRDA:148,15,0,0
BRDA:151,16,0,0
BRDA:163,17,0,46
BRDA:176,18,0,46
BRDA:176,18,1,46
BRDA:179,19,0,46
BRDA:179,19,1,46
BRDA:181,20,0,46
BRDA:181,20,1,0
BRDA:190,21,0,46
BRDA:190,21,1,46
BRDA:192,22,0,0
BRDA:192,22,1,46
BRDA:193,23,0,0
BRDA:193,23,1,46
BRDA:195,24,0,0
BRDA:195,24,1,46
BRDA:195,25,0,46
BRDA:195,25,1,0
BRF:44
BRH:23
end_of_record
TN:
SF:src/app/components/dataviz/BarChartGeneral.tsx
FN:56,(anonymous_5)
FN:75,(anonymous_6)
FN:85,(anonymous_7)
FN:87,(anonymous_8)
FN:106,(anonymous_9)
FN:108,(anonymous_10)
FN:114,(anonymous_11)
FN:122,(anonymous_12)
FN:129,(anonymous_13)
FN:151,(anonymous_14)
FN:177,(anonymous_15)
FN:192,(anonymous_16)
FN:195,(anonymous_17)
FN:196,(anonymous_18)
FN:202,(anonymous_19)
FN:208,(anonymous_20)
FN:209,(anonymous_21)
FN:213,(anonymous_22)
FN:214,(anonymous_23)
FNF:19
FNH:14
FNDA:50,(anonymous_5)
FNDA:9,(anonymous_6)
FNDA:25,(anonymous_7)
FNDA:3,(anonymous_8)
FNDA:34,(anonymous_9)
FNDA:5,(anonymous_10)
FNDA:43,(anonymous_11)
FNDA:0,(anonymous_12)
FNDA:3,(anonymous_13)
FNDA:257,(anonymous_14)
FNDA:5,(anonymous_15)
FNDA:3,(anonymous_16)
FNDA:3,(anonymous_17)
FNDA:0,(anonymous_18)
FNDA:0,(anonymous_19)
FNDA:0,(anonymous_20)
FNDA:0,(anonymous_21)
FNDA:3,(anonymous_22)
FNDA:3,(anonymous_23)
DA:3,1
DA:4,1
DA:5,1
DA:6,1
DA:7,1
DA:8,1
DA:9,1
DA:10,1
DA:42,1
DA:47,1
DA:56,1
DA:62,50
DA:63,50
DA:64,50
DA:65,50
DA:66,50
DA:67,50
DA:68,50
DA:69,50
DA:70,50
DA:71,50
DA:72,50
DA:73,50
DA:75,50
DA:76,9
DA:77,9
DA:78,9
DA:79,0
DA:85,50
DA:86,25
DA:87,25
DA:88,25
DA:89,25
DA:90,25
DA:91,25
DA:92,0
DA:93,25
DA:96,25
DA:98,25
DA:100,25
DA:101,25
DA:102,0
DA:106,50
DA:107,34
DA:108,34
DA:109,5
DA:111,34
DA:114,50
DA:115,43
DA:116,0
DA:118,43
DA:122,0
DA:124,43
DA:127,43
DA:129,3
DA:133,43
DA:139,43
DA:143,43
DA:151,257
DA:157,43
DA:169,43
DA:177,5
DA:185,43
DA:192,3
DA:195,3
DA:197,0
DA:203,0
DA:209,0
DA:213,3
DA:214,3
DA:244,26
LF:71
LH:63
BRDA:76,0,0,9
BRDA:76,1,0,9
BRDA:76,1,1,9
BRDA:78,2,0,0
BRDA:86,3,0,0
BRDA:87,4,0,25
BRDA:87,4,1,0
BRDA:91,5,0,0
BRDA:91,5,1,25
BRDA:91,6,0,25
BRDA:91,6,1,0
BRDA:98,7,0,25
BRDA:98,7,1,0
BRDA:107,8,0,0
BRDA:107,9,0,34
BRDA:107,9,1,34
BRDA:115,10,0,0
BRDA:115,11,0,43
BRDA:115,11,1,43
BRDA:115,11,2,43
BRDA:115,11,3,43
BRDA:115,11,4,43
BRDA:129,12,0,43
BRDA:129,12,1,40
BRDA:220,13,0,0
BRDA:219,14,0,50
BRDA:219,14,1,50
BRDA:237,15,0,50
BRF:28
BRH:19
end_of_record
TN:
SF:src/app/components/dataviz/Clusters.tsx
FN:76,(anonymous_5)
FN:97,(anonymous_6)
FN:100,(anonymous_7)
FN:117,(anonymous_8)
FN:120,(anonymous_9)
FN:122,(anonymous_10)
FN:144,(anonymous_11)
FN:149,(anonymous_12)
FN:153,(anonymous_13)
FN:167,(anonymous_14)
FN:171,(anonymous_15)
FN:172,(anonymous_16)
FN:174,(anonymous_17)
FN:175,(anonymous_18)
FN:196,(anonymous_19)
FN:197,(anonymous_20)
FN:218,(anonymous_21)
FN:219,(anonymous_22)
FN:221,(anonymous_23)
FN:222,(anonymous_24)
FN:231,(anonymous_25)
FN:241,(anonymous_26)
FN:244,(anonymous_27)
FN:249,(anonymous_28)
FN:253,(anonymous_29)
FN:264,(anonymous_30)
FN:270,(anonymous_31)
FN:276,(anonymous_32)
FNF:28
FNH:5
FNDA:46,(anonymous_5)
FNDA:10,(anonymous_6)
FNDA:10,(anonymous_7)
FNDA:0,(anonymous_8)
FNDA:0,(anonymous_9)
FNDA:0,(anonymous_10)
FNDA:10,(anonymous_11)
FNDA:10,(anonymous_12)
FNDA:0,(anonymous_13)
FNDA:0,(anonymous_14)
FNDA:0,(anonymous_15)
FNDA:0,(anonymous_16)
FNDA:0,(anonymous_17)
FNDA:0,(anonymous_18)
FNDA:0,(anonymous_19)
FNDA:0,(anonymous_20)
FNDA:0,(anonymous_21)
FNDA:0,(anonymous_22)
FNDA:0,(anonymous_23)
FNDA:0,(anonymous_24)
FNDA:0,(anonymous_25)
FNDA:0,(anonymous_26)
FNDA:0,(anonymous_27)
FNDA:0,(anonymous_28)
FNDA:0,(anonymous_29)
FNDA:0,(anonymous_30)
FNDA:0,(anonymous_31)
FNDA:0,(anonymous_32)
DA:3,1
DA:11,1
DA:12,1
DA:13,1
DA:21,1
DA:22,1
DA:23,1
DA:24,1
DA:25,1
DA:61,1
DA:66,1
DA:70,1
DA:76,1
DA:86,46
DA:87,46
DA:88,46
DA:89,46
DA:90,46
DA:91,46
DA:92,46
DA:93,46
DA:94,46
DA:95,46
DA:97,46
DA:98,10
DA:100,10
DA:101,10
DA:103,10
DA:104,10
DA:105,10
DA:108,10
DA:109,0
DA:110,0
DA:113,10
DA:117,10
DA:118,0
DA:120,0
DA:121,0
DA:122,0
DA:123,0
DA:124,0
DA:125,0
DA:129,0
DA:130,0
DA:133,0
DA:135,0
DA:136,0
DA:140,10
DA:141,10
DA:142,0
DA:144,10
DA:145,10
DA:149,46
DA:150,10
DA:152,0
DA:153,0
DA:154,0
DA:155,0
DA:157,0
DA:159,0
DA:166,0
DA:167,0
DA:171,0
DA:172,0
DA:174,0
DA:175,0
DA:178,0
DA:183,0
DA:188,0
DA:194,0
DA:196,0
DA:197,0
DA:201,0
DA:213,0
DA:218,0
DA:219,0
DA:221,0
DA:223,0
DA:224,0
DA:226,0
DA:227,0
DA:229,0
DA:232,0
DA:233,0
DA:234,0
DA:235,0
DA:242,0
DA:243,0
DA:244,0
DA:250,0
DA:251,0
DA:254,0
DA:255,0
DA:256,0
DA:257,0
DA:259,0
DA:260,0
DA:264,0
DA:265,0
DA:268,0
DA:270,0
DA:274,0
DA:276,0
DA:277,0
DA:281,0
DA:365,46
LF:106
LH:40
BRDA:101,0,0,0
BRDA:109,1,0,0
BRDA:118,2,0,0
BRDA:124,3,0,0
BRDA:124,3,1,0
BRDA:125,4,0,0
BRDA:125,4,1,0
BRDA:129,5,0,0
BRDA:135,6,0,0
BRDA:141,7,0,0
BRDA:150,8,0,10
BRDA:150,9,0,10
BRDA:150,9,1,10
BRDA:150,9,2,10
BRDA:154,10,0,0
BRDA:167,11,0,0
BRDA:167,11,1,0
BRDA:223,12,0,0
BRDA:226,13,0,0
BRDA:255,14,0,0
BRDA:255,14,1,0
BRDA:301,15,0,46
BRDA:301,15,1,46
BRF:23
BRH:6
end_of_record
TN:
SF:src/app/components/dataviz/Heatmap.tsx
FN:39,(anonymous_5)
FN:48,(anonymous_6)
FN:49,(anonymous_7)
FN:59,(anonymous_8)
FN:65,(anonymous_9)
FN:82,(anonymous_10)
FN:85,(anonymous_11)
FN:94,(anonymous_12)
FN:101,(anonymous_13)
FN:104,(anonymous_14)
FN:113,(anonymous_15)
FN:121,(anonymous_16)
FN:126,(anonymous_17)
FN:131,(anonymous_18)
FN:134,(anonymous_19)
FN:175,(anonymous_20)
FN:176,(anonymous_21)
FN:201,(anonymous_22)
FN:204,(anonymous_23)
FN:215,(anonymous_24)
FN:223,(anonymous_25)
FN:226,(anonymous_26)
FN:243,(anonymous_27)
FN:246,(anonymous_28)
FN:263,(anonymous_29)
FN:276,(anonymous_30)
FN:280,(anonymous_31)
FN:281,(anonymous_32)
FN:284,(anonymous_33)
FN:296,(anonymous_34)
FN:300,(anonymous_35)
FN:305,(anonymous_36)
FN:306,(anonymous_37)
FN:316,(anonymous_38)
FNF:34
FNH:5
FNDA:0,(anonymous_5)
FNDA:0,(anonymous_6)
FNDA:0,(anonymous_7)
FNDA:0,(anonymous_8)
FNDA:138,(anonymous_9)
FNDA:30,(anonymous_10)
FNDA:30,(anonymous_11)
FNDA:0,(anonymous_12)
FNDA:0,(anonymous_13)
FNDA:0,(anonymous_14)
FNDA:0,(anonymous_15)
FNDA:30,(anonymous_16)
FNDA:138,(anonymous_17)
FNDA:0,(anonymous_18)
FNDA:0,(anonymous_19)
FNDA:0,(anonymous_20)
FNDA:0,(anonymous_21)
FNDA:0,(anonymous_22)
FNDA:0,(anonymous_23)
FNDA:0,(anonymous_24)
FNDA:0,(anonymous_25)
FNDA:0,(anonymous_26)
FNDA:0,(anonymous_27)
FNDA:0,(anonymous_28)
FNDA:0,(anonymous_29)
FNDA:0,(anonymous_30)
FNDA:0,(anonymous_31)
FNDA:0,(anonymous_32)
FNDA:0,(anonymous_33)
FNDA:0,(anonymous_34)
FNDA:0,(anonymous_35)
FNDA:0,(anonymous_36)
FNDA:0,(anonymous_37)
FNDA:0,(anonymous_38)
DA:3,1
DA:4,1
DA:5,1
DA:6,1
DA:7,1
DA:8,1
DA:34,1
DA:39,1
DA:40,0
DA:41,0
DA:42,0
DA:44,0
DA:48,1
DA:49,0
DA:50,0
DA:51,0
DA:55,0
DA:59,1
DA:60,0
DA:61,0
DA:62,0
DA:65,1
DA:71,138
DA:72,138
DA:73,138
DA:74,138
DA:75,138
DA:78,138
DA:79,138
DA:80,138
DA:82,138
DA:83,30
DA:85,30
DA:86,30
DA:87,30
DA:88,30
DA:89,30
DA:92,30
DA:93,0
DA:94,0
DA:97,30
DA:101,30
DA:102,0
DA:103,0
DA:104,0
DA:105,0
DA:110,0
DA:112,0
DA:113,0
DA:117,30
DA:118,30
DA:119,0
DA:121,30
DA:122,30
DA:126,138
DA:127,138
DA:128,0
DA:129,0
DA:130,0
DA:131,0
DA:133,0
DA:134,0
DA:137,0
DA:141,0
DA:143,0
DA:147,0
DA:156,0
DA:161,0
DA:167,0
DA:171,0
DA:172,0
DA:173,0
DA:174,0
DA:175,0
DA:176,0
DA:178,0
DA:185,0
DA:189,0
DA:193,0
DA:195,0
DA:201,0
DA:204,0
DA:207,0
DA:216,0
DA:217,0
DA:223,0
DA:224,0
DA:225,0
DA:226,0
DA:243,0
DA:244,0
DA:245,0
DA:246,0
DA:263,0
DA:264,0
DA:275,0
DA:277,0
DA:280,0
DA:281,0
DA:284,0
DA:291,0
DA:297,0
DA:298,0
DA:301,0
DA:302,0
DA:305,0
DA:307,0
DA:308,0
DA:316,0
DA:317,0
DA:340,138
LF:111
LH:36
BRDA:41,0,0,0
BRDA:51,1,0,0
BRDA:51,1,1,0
BRDA:86,2,0,0
BRDA:93,3,0,0
BRDA:102,4,0,0
BRDA:112,5,0,0
BRDA:118,6,0,0
BRDA:127,7,0,138
BRDA:127,8,0,138
BRDA:127,8,1,138
BRDA:127,8,2,138
BRDA:128,9,0,0
BRDA:175,10,0,0
BRDA:175,10,1,0
BRDA:176,11,0,0
BRDA:176,11,1,0
BRDA:217,12,0,0
BRDA:217,12,1,0
BRDA:277,13,0,0
BRDA:277,13,1,0
BRDA:280,14,0,0
BRDA:280,14,1,0
BRDA:281,15,0,0
BRDA:281,15,1,0
BRDA:298,16,0,0
BRDA:298,16,1,0
BRDA:302,17,0,0
BRDA:302,17,1,0
BRDA:308,18,0,0
BRDA:308,18,1,0
BRDA:332,19,0,138
BRDA:332,19,1,138
BRF:33
BRH:6
end_of_record
TN:
SF:src/app/components/dataviz/Pie.tsx
FN:42,(anonymous_5)
FN:58,(anonymous_6)
FN:62,(anonymous_7)
FN:65,(anonymous_8)
FN:81,(anonymous_9)
FN:84,(anonymous_10)
FN:86,(anonymous_11)
FN:101,(anonymous_12)
FN:106,(anonymous_13)
FN:112,(anonymous_14)
FN:116,(anonymous_15)
FN:123,(anonymous_16)
FN:126,(anonymous_17)
FN:135,(anonymous_18)
FN:159,(anonymous_19)
FN:167,(anonymous_20)
FN:168,(anonymous_21)
FN:170,(anonymous_22)
FN:175,(anonymous_23)
FN:184,(anonymous_24)
FN:187,(anonymous_25)
FN:192,(anonymous_26)
FNF:22
FNH:6
FNDA:138,(anonymous_5)
FNDA:30,(anonymous_6)
FNDA:30,(anonymous_7)
FNDA:30,(anonymous_8)
FNDA:0,(anonymous_9)
FNDA:0,(anonymous_10)
FNDA:0,(anonymous_11)
FNDA:30,(anonymous_12)
FNDA:30,(anonymous_13)
FNDA:0,(anonymous_14)
FNDA:0,(anonymous_15)
FNDA:0,(anonymous_16)
FNDA:0,(anonymous_17)
FNDA:0,(anonymous_18)
FNDA:0,(anonymous_19)
FNDA:0,(anonymous_20)
FNDA:0,(anonymous_21)
FNDA:0,(anonymous_22)
FNDA:0,(anonymous_23)
FNDA:0,(anonymous_24)
FNDA:0,(anonymous_25)
FNDA:0,(anonymous_26)
DA:1,1
DA:2,1
DA:3,1
DA:4,1
DA:5,1
DA:6,1
DA:40,1
DA:42,1
DA:53,138
DA:54,138
DA:55,138
DA:56,138
DA:58,138
DA:59,30
DA:62,138
DA:63,30
DA:65,30
DA:66,30
DA:68,30
DA:69,30
DA:72,30
DA:73,0
DA:74,0
DA:77,30
DA:81,30
DA:82,0
DA:84,0
DA:85,0
DA:86,0
DA:87,0
DA:88,0
DA:89,0
DA:91,0
DA:93,0
DA:94,0
DA:98,30
DA:99,30
DA:100,0
DA:101,30
DA:102,30
DA:106,138
DA:107,30
DA:109,0
DA:110,0
DA:112,0
DA:114,0
DA:116,0
DA:119,0
DA:122,0
DA:123,0
DA:126,0
DA:130,0
DA:132,0
DA:133,0
DA:134,0
DA:135,0
DA:137,0
DA:143,0
DA:148,0
DA:156,0
DA:160,0
DA:163,0
DA:167,0
DA:169,0
DA:170,0
DA:173,0
DA:176,0
DA:177,0
DA:178,0
DA:179,0
DA:185,0
DA:186,0
DA:187,0
DA:193,0
DA:213,138
LF:75
LH:30
BRDA:43,0,0,0
BRDA:44,1,0,138
BRDA:46,2,0,0
BRDA:48,3,0,138
BRDA:66,4,0,0
BRDA:73,5,0,0
BRDA:82,6,0,0
BRDA:88,7,0,0
BRDA:88,7,1,0
BRDA:89,8,0,0
BRDA:89,8,1,0
BRDA:93,9,0,0
BRDA:99,10,0,0
BRDA:107,11,0,30
BRDA:107,12,0,30
BRDA:107,12,1,30
BRDA:107,12,2,30
BRDA:205,13,0,138
BRDA:205,13,1,0
BRF:19
BRH:7
end_of_record
TN:
SF:src/app/context/WUWWLSurveyContext.tsx
FN:30,(anonymous_6)
FN:39,(anonymous_7)
FN:59,(anonymous_8)
FNF:3
FNH:3
FNDA:33,(anonymous_6)
FNDA:24,(anonymous_7)
FNDA:47,(anonymous_8)
DA:3,1
DA:26,1
DA:30,10
DA:33,33
DA:34,33
DA:35,33
DA:36,33
DA:38,33
DA:39,24
DA:59,47
DA:60,47
DA:61,46
DA:62,0
DA:66,46
LF:14
LH:13
BRDA:61,0,0,0
BRF:1
BRH:0
end_of_record
